New log file opened at Wed Feb 17 22:05:19 GMT 2016 by 12008@MA-VPC-023
Sending msg to client play-fork-run-c6a53a38-e4d6-42af-8c41-31cc49c025b0: DetachedLogEvent(LogMessage(debug,sbt server socket logs are in: C:\code\play\play-essentials\shop\.sbtserver\connections\master.log))
Sending msg to client play-fork-run-c6a53a38-e4d6-42af-8c41-31cc49c025b0: DetachedLogEvent(LogMessage(debug,sbt client logs are in: C:\code\play\play-essentials\shop\.sbtserver\connections\play-fork-run-c6a53a38-e4d6-42af-8c41-31cc49c025b0.log))
Reading next message from client.
Sending msg to client play-fork-run-c6a53a38-e4d6-42af-8c41-31cc49c025b0: DetachedLogEvent(LogMessage(debug,sbt general server logs are in: C:\code\play\play-essentials\shop\.sbtserver\master.log))
Got request: DaemonRequest(true)
Reading next message from client.
Sending msg to client play-fork-run-c6a53a38-e4d6-42af-8c41-31cc49c025b0: (3,ReceivedResponse())
Got request: ListenToEvents()
Reading next message from client.
Sending msg to client play-fork-run-c6a53a38-e4d6-42af-8c41-31cc49c025b0: BackgroundJobStarted(8,BackgroundJobInfo(1,backgroundRun,AttributeKey[sbt.BackgroundJobHandle]("backgroundRun") in Scope(Build: file:/C:/code/play/play-essentials/shop/, , Project: ProjectReference(file:/C:/code/play/play-essentials/shop/,root), Config: compile)))
Sending msg to client play-fork-run-c6a53a38-e4d6-42af-8c41-31cc49c025b0: (4,ReceivedResponse())
Got request: KeyLookupRequest(root/playForkConfig)
Reading next message from client.
Sending msg to client play-fork-run-c6a53a38-e4d6-42af-8c41-31cc49c025b0: (5,KeyLookupResponse(root/playForkConfig,Vector(AttributeKey[play.forkrun.protocol.ForkConfig]("playForkConfig") in Scope(Build: file:/C:/code/play/play-essentials/shop/, , Project: ProjectReference(file:/C:/code/play/play-essentials/shop/,root)))))
Got request: ListenToValue(AttributeKey[play.forkrun.protocol.ForkConfig]("playForkConfig") in Scope(Build: file:/C:/code/play/play-essentials/shop/, , Project: ProjectReference(file:/C:/code/play/play-essentials/shop/,root)))
Reading next message from client.
Sending msg to client play-fork-run-c6a53a38-e4d6-42af-8c41-31cc49c025b0: (6,ReceivedResponse())
Got request: KeyExecutionRequest(AttributeKey[play.forkrun.protocol.ForkConfig]("playForkConfig") in Scope(Build: file:/C:/code/play/play-essentials/shop/, , Project: ProjectReference(file:/C:/code/play/play-essentials/shop/,root)))
Reading next message from client.
Sending msg to client play-fork-run-c6a53a38-e4d6-42af-8c41-31cc49c025b0: (7,ExecutionRequestReceived(9))
Sending msg to client play-fork-run-c6a53a38-e4d6-42af-8c41-31cc49c025b0: ExecutionWaiting(9,{file:/C:/code/play/play-essentials/shop/}root/*:playForkConfig,ClientInfo(c6a53a38-e4d6-42af-8c41-31cc49c025b0,play-fork-run,Play Fork Run,1,Vector()))
Sending msg to client play-fork-run-c6a53a38-e4d6-42af-8c41-31cc49c025b0: ExecutionStarting(9)
Sending msg to client play-fork-run-c6a53a38-e4d6-42af-8c41-31cc49c025b0: DetachedLogEvent(LogMessage(debug,> {file:/C:/code/play/play-essentials/shop/}root/*:playForkConfig))
Sending msg to client play-fork-run-c6a53a38-e4d6-42af-8c41-31cc49c025b0: DetachedLogEvent(LogMessage(debug,Evaluating tasks: *:playForkConfig))
Sending msg to client play-fork-run-c6a53a38-e4d6-42af-8c41-31cc49c025b0: DetachedLogEvent(LogMessage(debug,Running task... Cancel: sbt.server.ServerTaskCancellation@71700e3f, check cycles: false))
Sending msg to client play-fork-run-c6a53a38-e4d6-42af-8c41-31cc49c025b0: DetachedLogEvent(LogMessage(debug,cancel strategy start enabled=true lastCommand=Some(LastCommand(CommandExecutionWork(ExecutionId(9),{file:/C:/code/play/play-essentials/shop/}root/*:playForkConfig,Set(LiveClient(play-fork-run c6a53a38-e4d6-42af-8c41-31cc49c025b0)),sbt.server.WorkCancellationStatus$$anon$1@7de03610)))))
Sending msg to client play-fork-run-c6a53a38-e4d6-42af-8c41-31cc49c025b0: TaskStarted(9,649,None)
Sending msg to client play-fork-run-c6a53a38-e4d6-42af-8c41-31cc49c025b0: TaskStarted(9,651,None)
Sending msg to client play-fork-run-c6a53a38-e4d6-42af-8c41-31cc49c025b0: TaskStarted(9,654,Some(AttributeKey[scala.collection.Seq[sbt.Credentials]]("credentials") in Scope(Global)))
Sending msg to client play-fork-run-c6a53a38-e4d6-42af-8c41-31cc49c025b0: TaskStarted(9,658,Some(AttributeKey[scala.collection.Seq[sbt.Resolver]]("externalResolvers") in Scope(Build: file:/C:/code/play/play-essentials/shop/, , Project: ProjectReference(file:/C:/code/play/play-essentials/shop/,root))))
Sending msg to client play-fork-run-c6a53a38-e4d6-42af-8c41-31cc49c025b0: TaskStarted(9,663,None)
Sending msg to client play-fork-run-c6a53a38-e4d6-42af-8c41-31cc49c025b0: TaskStarted(9,665,Some(AttributeKey[scala.Option[scala.collection.Seq[sbt.Resolver]]]("bootResolvers") in Scope(Build: file:/C:/code/play/play-essentials/shop/, , Project: ProjectReference(file:/C:/code/play/play-essentials/shop/,root))))
Sending msg to client play-fork-run-c6a53a38-e4d6-42af-8c41-31cc49c025b0: TaskStarted(9,671,None)
Sending msg to client play-fork-run-c6a53a38-e4d6-42af-8c41-31cc49c025b0: TaskStarted(9,672,None)
Sending msg to client play-fork-run-c6a53a38-e4d6-42af-8c41-31cc49c025b0: TaskStarted(9,675,None)
Sending msg to client play-fork-run-c6a53a38-e4d6-42af-8c41-31cc49c025b0: TaskStarted(9,676,Some(AttributeKey[java.lang.String]("updateCacheName") in Scope(Build: file:/C:/code/play/play-essentials/shop/, , Project: ProjectReference(file:/C:/code/play/play-essentials/shop/,root))))
Sending msg to client play-fork-run-c6a53a38-e4d6-42af-8c41-31cc49c025b0: TaskStarted(9,677,Some(AttributeKey[boolean]("skip") in Scope(Global)))
Sending msg to client play-fork-run-c6a53a38-e4d6-42af-8c41-31cc49c025b0: TaskStarted(9,684,None)
Sending msg to client play-fork-run-c6a53a38-e4d6-42af-8c41-31cc49c025b0: TaskStarted(9,693,Some(AttributeKey[scala.Tuple2[java.lang.String,java.io.File]]("playPrefixAndAssets") in Scope(Build: file:/C:/code/play/play-essentials/shop/, , Project: ProjectReference(file:/C:/code/play/play-essentials/shop/,root))))
Sending msg to client play-fork-run-c6a53a38-e4d6-42af-8c41-31cc49c025b0: TaskStarted(9,694,Some(AttributeKey[scala.collection.Seq[java.lang.String]]("javaOptions") in Scope(Global)))
Sending msg to client play-fork-run-c6a53a38-e4d6-42af-8c41-31cc49c025b0: TaskFinished(9,649,None,true,None)
Sending msg to client play-fork-run-c6a53a38-e4d6-42af-8c41-31cc49c025b0: TaskStarted(9,648,None)
Sending msg to client play-fork-run-c6a53a38-e4d6-42af-8c41-31cc49c025b0: TaskStarted(9,656,None)
Sending msg to client play-fork-run-c6a53a38-e4d6-42af-8c41-31cc49c025b0: TaskStarted(9,664,None)
Sending msg to client play-fork-run-c6a53a38-e4d6-42af-8c41-31cc49c025b0: TaskStarted(9,666,None)
Sending msg to client play-fork-run-c6a53a38-e4d6-42af-8c41-31cc49c025b0: TaskStarted(9,680,None)
Sending msg to client play-fork-run-c6a53a38-e4d6-42af-8c41-31cc49c025b0: TaskStarted(9,685,None)
Sending msg to client play-fork-run-c6a53a38-e4d6-42af-8c41-31cc49c025b0: TaskStarted(9,687,None)
Sending msg to client play-fork-run-c6a53a38-e4d6-42af-8c41-31cc49c025b0: TaskStarted(9,689,None)
Sending msg to client play-fork-run-c6a53a38-e4d6-42af-8c41-31cc49c025b0: TaskFinished(9,651,None,true,None)
Sending msg to client play-fork-run-c6a53a38-e4d6-42af-8c41-31cc49c025b0: TaskFinished(9,654,Some(AttributeKey[scala.collection.Seq[sbt.Credentials]]("credentials") in Scope(Global)),true,None)
Sending msg to client play-fork-run-c6a53a38-e4d6-42af-8c41-31cc49c025b0: TaskFinished(9,658,Some(AttributeKey[scala.collection.Seq[sbt.Resolver]]("externalResolvers") in Scope(Build: file:/C:/code/play/play-essentials/shop/, , Project: ProjectReference(file:/C:/code/play/play-essentials/shop/,root))),true,None)
Sending msg to client play-fork-run-c6a53a38-e4d6-42af-8c41-31cc49c025b0: TaskFinished(9,663,None,true,None)
Sending msg to client play-fork-run-c6a53a38-e4d6-42af-8c41-31cc49c025b0: TaskStarted(9,662,Some(AttributeKey[sbt.BuildStructure]("buildStructure") in Scope(Global)))
Sending msg to client play-fork-run-c6a53a38-e4d6-42af-8c41-31cc49c025b0: TaskStarted(9,673,Some(AttributeKey[java.io.File]("dependencyCacheDirectory") in Scope(Build: file:/C:/code/play/play-essentials/shop/, , Project: ProjectReference(file:/C:/code/play/play-essentials/shop/,root))))
Sending msg to client play-fork-run-c6a53a38-e4d6-42af-8c41-31cc49c025b0: TaskStarted(9,695,Some(AttributeKey[scala.collection.Seq[java.lang.String]]("playMonitoredFiles") in Scope(Build: file:/C:/code/play/play-essentials/shop/, , Project: ProjectReference(file:/C:/code/play/play-essentials/shop/,root))))
Sending msg to client play-fork-run-c6a53a38-e4d6-42af-8c41-31cc49c025b0: TaskFinished(9,665,Some(AttributeKey[scala.Option[scala.collection.Seq[sbt.Resolver]]]("bootResolvers") in Scope(Build: file:/C:/code/play/play-essentials/shop/, , Project: ProjectReference(file:/C:/code/play/play-essentials/shop/,root))),true,None)
Sending msg to client play-fork-run-c6a53a38-e4d6-42af-8c41-31cc49c025b0: TaskFinished(9,671,None,true,None)
Sending msg to client play-fork-run-c6a53a38-e4d6-42af-8c41-31cc49c025b0: TaskFinished(9,672,None,true,None)
Sending msg to client play-fork-run-c6a53a38-e4d6-42af-8c41-31cc49c025b0: TaskStarted(9,670,Some(AttributeKey[scala.collection.Seq[sbt.UpdateReport]]("transitiveUpdate") in Scope(Build: file:/C:/code/play/play-essentials/shop/, , Project: ProjectReference(file:/C:/code/play/play-essentials/shop/,root))))
Sending msg to client play-fork-run-c6a53a38-e4d6-42af-8c41-31cc49c025b0: TaskFinished(9,675,None,true,None)
Sending msg to client play-fork-run-c6a53a38-e4d6-42af-8c41-31cc49c025b0: TaskFinished(9,676,Some(AttributeKey[java.lang.String]("updateCacheName") in Scope(Build: file:/C:/code/play/play-essentials/shop/, , Project: ProjectReference(file:/C:/code/play/play-essentials/shop/,root))),true,None)
Sending msg to client play-fork-run-c6a53a38-e4d6-42af-8c41-31cc49c025b0: TaskFinished(9,677,Some(AttributeKey[boolean]("skip") in Scope(Global)),true,None)
Sending msg to client play-fork-run-c6a53a38-e4d6-42af-8c41-31cc49c025b0: TaskFinished(9,684,None,true,None)
Sending msg to client play-fork-run-c6a53a38-e4d6-42af-8c41-31cc49c025b0: TaskFinished(9,693,Some(AttributeKey[scala.Tuple2[java.lang.String,java.io.File]]("playPrefixAndAssets") in Scope(Build: file:/C:/code/play/play-essentials/shop/, , Project: ProjectReference(file:/C:/code/play/play-essentials/shop/,root))),true,None)
Sending msg to client play-fork-run-c6a53a38-e4d6-42af-8c41-31cc49c025b0: TaskStarted(9,692,None)
Sending msg to client play-fork-run-c6a53a38-e4d6-42af-8c41-31cc49c025b0: TaskFinished(9,694,Some(AttributeKey[scala.collection.Seq[java.lang.String]]("javaOptions") in Scope(Global)),true,None)
Sending msg to client play-fork-run-c6a53a38-e4d6-42af-8c41-31cc49c025b0: TaskFinished(9,648,None,true,None)
Sending msg to client play-fork-run-c6a53a38-e4d6-42af-8c41-31cc49c025b0: TaskFinished(9,666,None,true,None)
Sending msg to client play-fork-run-c6a53a38-e4d6-42af-8c41-31cc49c025b0: TaskFinished(9,689,None,true,None)
Sending msg to client play-fork-run-c6a53a38-e4d6-42af-8c41-31cc49c025b0: TaskFinished(9,664,None,true,None)
Sending msg to client play-fork-run-c6a53a38-e4d6-42af-8c41-31cc49c025b0: TaskFinished(9,685,None,true,None)
Sending msg to client play-fork-run-c6a53a38-e4d6-42af-8c41-31cc49c025b0: TaskFinished(9,687,None,true,None)
Sending msg to client play-fork-run-c6a53a38-e4d6-42af-8c41-31cc49c025b0: TaskFinished(9,656,None,true,None)
Sending msg to client play-fork-run-c6a53a38-e4d6-42af-8c41-31cc49c025b0: TaskFinished(9,680,None,true,None)
Sending msg to client play-fork-run-c6a53a38-e4d6-42af-8c41-31cc49c025b0: TaskStarted(9,679,Some(AttributeKey[scala.collection.immutable.Map[sbt.ModuleID,sbt.SourcePosition]]("dependencyPositions") in Scope(Build: file:/C:/code/play/play-essentials/shop/, , Project: ProjectReference(file:/C:/code/play/play-essentials/shop/,root))))
Sending msg to client play-fork-run-c6a53a38-e4d6-42af-8c41-31cc49c025b0: TaskFinished(9,670,Some(AttributeKey[scala.collection.Seq[sbt.UpdateReport]]("transitiveUpdate") in Scope(Build: file:/C:/code/play/play-essentials/shop/, , Project: ProjectReference(file:/C:/code/play/play-essentials/shop/,root))),true,None)
Sending msg to client play-fork-run-c6a53a38-e4d6-42af-8c41-31cc49c025b0: TaskFinished(9,662,Some(AttributeKey[sbt.BuildStructure]("buildStructure") in Scope(Global)),true,None)
Sending msg to client play-fork-run-c6a53a38-e4d6-42af-8c41-31cc49c025b0: TaskStarted(9,661,Some(AttributeKey[sbt.Settings[sbt.Scope]]("settingsData") in Scope(Global)))
Sending msg to client play-fork-run-c6a53a38-e4d6-42af-8c41-31cc49c025b0: TaskFinished(9,661,Some(AttributeKey[sbt.Settings[sbt.Scope]]("settingsData") in Scope(Global)),true,None)
Sending msg to client play-fork-run-c6a53a38-e4d6-42af-8c41-31cc49c025b0: TaskStarted(9,660,Some(AttributeKey[scala.collection.immutable.Map[org.apache.ivy.core.module.id.ModuleRevisionId,org.apache.ivy.core.module.descriptor.ModuleDescriptor]]("projectDescriptors") in Scope(Build: file:/C:/code/play/play-essentials/shop/, , Project: ProjectReference(file:/C:/code/play/play-essentials/shop/,root))))
Sending msg to client play-fork-run-c6a53a38-e4d6-42af-8c41-31cc49c025b0: TaskStarted(9,669,Some(AttributeKey[scala.collection.Seq[sbt.ModuleID]]("projectDependencies") in Scope(Build: file:/C:/code/play/play-essentials/shop/, , Project: ProjectReference(file:/C:/code/play/play-essentials/shop/,root))))
Sending msg to client play-fork-run-c6a53a38-e4d6-42af-8c41-31cc49c025b0: TaskStarted(9,674,None)
Sending msg to client play-fork-run-c6a53a38-e4d6-42af-8c41-31cc49c025b0: TaskStarted(9,688,None)
Sending msg to client play-fork-run-c6a53a38-e4d6-42af-8c41-31cc49c025b0: TaskFinished(9,669,Some(AttributeKey[scala.collection.Seq[sbt.ModuleID]]("projectDependencies") in Scope(Build: file:/C:/code/play/play-essentials/shop/, , Project: ProjectReference(file:/C:/code/play/play-essentials/shop/,root))),true,None)
Sending msg to client play-fork-run-c6a53a38-e4d6-42af-8c41-31cc49c025b0: TaskStarted(9,668,Some(AttributeKey[scala.collection.Seq[sbt.ModuleID]]("allDependencies") in Scope(Build: file:/C:/code/play/play-essentials/shop/, , Project: ProjectReference(file:/C:/code/play/play-essentials/shop/,root))))
Sending msg to client play-fork-run-c6a53a38-e4d6-42af-8c41-31cc49c025b0: TaskStarted(9,700,None)
Sending msg to client play-fork-run-c6a53a38-e4d6-42af-8c41-31cc49c025b0: TaskStarted(9,701,None)
Sending msg to client play-fork-run-c6a53a38-e4d6-42af-8c41-31cc49c025b0: TaskStarted(9,704,None)
Sending msg to client play-fork-run-c6a53a38-e4d6-42af-8c41-31cc49c025b0: TaskStarted(9,705,None)
Sending msg to client play-fork-run-c6a53a38-e4d6-42af-8c41-31cc49c025b0: TaskStarted(9,707,None)
Sending msg to client play-fork-run-c6a53a38-e4d6-42af-8c41-31cc49c025b0: TaskStarted(9,708,None)
Sending msg to client play-fork-run-c6a53a38-e4d6-42af-8c41-31cc49c025b0: TaskFinished(9,668,Some(AttributeKey[scala.collection.Seq[sbt.ModuleID]]("allDependencies") in Scope(Build: file:/C:/code/play/play-essentials/shop/, , Project: ProjectReference(file:/C:/code/play/play-essentials/shop/,root))),true,None)
Sending msg to client play-fork-run-c6a53a38-e4d6-42af-8c41-31cc49c025b0: TaskStarted(9,667,Some(AttributeKey[sbt.ModuleSettings]("moduleSettings") in Scope(Build: file:/C:/code/play/play-essentials/shop/, , Project: ProjectReference(file:/C:/code/play/play-essentials/shop/,root))))
Sending msg to client play-fork-run-c6a53a38-e4d6-42af-8c41-31cc49c025b0: TaskFinished(9,700,None,true,None)
Sending msg to client play-fork-run-c6a53a38-e4d6-42af-8c41-31cc49c025b0: TaskFinished(9,704,None,true,None)
Sending msg to client play-fork-run-c6a53a38-e4d6-42af-8c41-31cc49c025b0: TaskFinished(9,707,None,true,None)
Sending msg to client play-fork-run-c6a53a38-e4d6-42af-8c41-31cc49c025b0: TaskStarted(9,706,None)
Sending msg to client play-fork-run-c6a53a38-e4d6-42af-8c41-31cc49c025b0: TaskFinished(9,708,None,true,None)
Sending msg to client play-fork-run-c6a53a38-e4d6-42af-8c41-31cc49c025b0: TaskFinished(9,674,None,true,None)
Sending msg to client play-fork-run-c6a53a38-e4d6-42af-8c41-31cc49c025b0: TaskFinished(9,673,Some(AttributeKey[java.io.File]("dependencyCacheDirectory") in Scope(Build: file:/C:/code/play/play-essentials/shop/, , Project: ProjectReference(file:/C:/code/play/play-essentials/shop/,root))),true,None)
Sending msg to client play-fork-run-c6a53a38-e4d6-42af-8c41-31cc49c025b0: TaskStarted(9,709,None)
Sending msg to client play-fork-run-c6a53a38-e4d6-42af-8c41-31cc49c025b0: TaskFinished(9,701,None,true,None)
Sending msg to client play-fork-run-c6a53a38-e4d6-42af-8c41-31cc49c025b0: TaskStarted(9,699,Some(AttributeKey[scala.collection.Seq[sbt.Attributed[java.io.File]]]("unmanagedJars") in Scope(Build: file:/C:/code/play/play-essentials/shop/, , Project: ProjectReference(file:/C:/code/play/play-essentials/shop/,root), Config: runtime)))
Sending msg to client play-fork-run-c6a53a38-e4d6-42af-8c41-31cc49c025b0: TaskStarted(9,711,None)
Sending msg to client play-fork-run-c6a53a38-e4d6-42af-8c41-31cc49c025b0: TaskFinished(9,709,None,true,None)
Sending msg to client play-fork-run-c6a53a38-e4d6-42af-8c41-31cc49c025b0: TaskFinished(9,706,None,true,None)
Sending msg to client play-fork-run-c6a53a38-e4d6-42af-8c41-31cc49c025b0: TaskFinished(9,705,None,true,None)
Sending msg to client play-fork-run-c6a53a38-e4d6-42af-8c41-31cc49c025b0: TaskStarted(9,703,Some(AttributeKey[scala.collection.Seq[sbt.Attributed[java.io.File]]]("unmanagedJars") in Scope(Build: file:/C:/code/play/play-essentials/shop/, , Project: ProjectReference(file:/C:/code/play/play-essentials/shop/,root), Config: compile)))
Sending msg to client play-fork-run-c6a53a38-e4d6-42af-8c41-31cc49c025b0: TaskFinished(9,711,None,true,None)
Sending msg to client play-fork-run-c6a53a38-e4d6-42af-8c41-31cc49c025b0: TaskStarted(9,710,None)
Sending msg to client play-fork-run-c6a53a38-e4d6-42af-8c41-31cc49c025b0: TaskFinished(9,703,Some(AttributeKey[scala.collection.Seq[sbt.Attributed[java.io.File]]]("unmanagedJars") in Scope(Build: file:/C:/code/play/play-essentials/shop/, , Project: ProjectReference(file:/C:/code/play/play-essentials/shop/,root), Config: compile)),true,None)
Sending msg to client play-fork-run-c6a53a38-e4d6-42af-8c41-31cc49c025b0: TaskStarted(9,702,Some(AttributeKey[scala.collection.Seq[sbt.Attributed[java.io.File]]]("unmanagedJars") in Scope(Build: file:/C:/code/play/play-essentials/shop/, , Project: ProjectReference(file:/C:/code/play/play-essentials/shop/,root), Config: compile)))
Sending msg to client play-fork-run-c6a53a38-e4d6-42af-8c41-31cc49c025b0: TaskFinished(9,699,Some(AttributeKey[scala.collection.Seq[sbt.Attributed[java.io.File]]]("unmanagedJars") in Scope(Build: file:/C:/code/play/play-essentials/shop/, , Project: ProjectReference(file:/C:/code/play/play-essentials/shop/,root), Config: runtime)),true,None)
Sending msg to client play-fork-run-c6a53a38-e4d6-42af-8c41-31cc49c025b0: TaskFinished(9,710,None,true,None)
Sending msg to client play-fork-run-c6a53a38-e4d6-42af-8c41-31cc49c025b0: TaskFinished(9,660,Some(AttributeKey[scala.collection.immutable.Map[org.apache.ivy.core.module.id.ModuleRevisionId,org.apache.ivy.core.module.descriptor.ModuleDescriptor]]("projectDescriptors") in Scope(Build: file:/C:/code/play/play-essentials/shop/, , Project: ProjectReference(file:/C:/code/play/play-essentials/shop/,root))),true,None)
Sending msg to client play-fork-run-c6a53a38-e4d6-42af-8c41-31cc49c025b0: TaskStarted(9,659,Some(AttributeKey[sbt.Resolver]("projectResolver") in Scope(Build: file:/C:/code/play/play-essentials/shop/, , Project: ProjectReference(file:/C:/code/play/play-essentials/shop/,root))))
Sending msg to client play-fork-run-c6a53a38-e4d6-42af-8c41-31cc49c025b0: TaskFinished(9,702,Some(AttributeKey[scala.collection.Seq[sbt.Attributed[java.io.File]]]("unmanagedJars") in Scope(Build: file:/C:/code/play/play-essentials/shop/, , Project: ProjectReference(file:/C:/code/play/play-essentials/shop/,root), Config: compile)),true,None)
Sending msg to client play-fork-run-c6a53a38-e4d6-42af-8c41-31cc49c025b0: TaskStarted(9,698,None)
Sending msg to client play-fork-run-c6a53a38-e4d6-42af-8c41-31cc49c025b0: TaskFinished(9,695,Some(AttributeKey[scala.collection.Seq[java.lang.String]]("playMonitoredFiles") in Scope(Build: file:/C:/code/play/play-essentials/shop/, , Project: ProjectReference(file:/C:/code/play/play-essentials/shop/,root))),true,None)
Sending msg to client play-fork-run-c6a53a38-e4d6-42af-8c41-31cc49c025b0: TaskFinished(9,692,None,true,None)
Sending msg to client play-fork-run-c6a53a38-e4d6-42af-8c41-31cc49c025b0: TaskStarted(9,691,None)
Sending msg to client play-fork-run-c6a53a38-e4d6-42af-8c41-31cc49c025b0: TaskFinished(9,698,None,true,None)
Sending msg to client play-fork-run-c6a53a38-e4d6-42af-8c41-31cc49c025b0: TaskStarted(9,697,None)
Sending msg to client play-fork-run-c6a53a38-e4d6-42af-8c41-31cc49c025b0: TaskFinished(9,697,None,true,None)
Sending msg to client play-fork-run-c6a53a38-e4d6-42af-8c41-31cc49c025b0: TaskFinished(9,688,None,true,None)
Sending msg to client play-fork-run-c6a53a38-e4d6-42af-8c41-31cc49c025b0: TaskStarted(9,686,Some(AttributeKey[scala.collection.Seq[sbt.Attributed[java.io.File]]]("unmanagedClasspath") in Scope(Build: file:/C:/code/play/play-essentials/shop/, , Project: ProjectReference(file:/C:/code/play/play-essentials/shop/,root), Config: runtime)))
Sending msg to client play-fork-run-c6a53a38-e4d6-42af-8c41-31cc49c025b0: TaskFinished(9,691,None,true,None)
Sending msg to client play-fork-run-c6a53a38-e4d6-42af-8c41-31cc49c025b0: TaskStarted(9,690,Some(AttributeKey[scala.collection.Seq[scala.Tuple2[java.lang.String,java.io.File]]]("playAllAssets") in Scope(Build: file:/C:/code/play/play-essentials/shop/, , Project: ProjectReference(file:/C:/code/play/play-essentials/shop/,root))))
Sending msg to client play-fork-run-c6a53a38-e4d6-42af-8c41-31cc49c025b0: TaskFinished(9,679,Some(AttributeKey[scala.collection.immutable.Map[sbt.ModuleID,sbt.SourcePosition]]("dependencyPositions") in Scope(Build: file:/C:/code/play/play-essentials/shop/, , Project: ProjectReference(file:/C:/code/play/play-essentials/shop/,root))),true,None)
Sending msg to client play-fork-run-c6a53a38-e4d6-42af-8c41-31cc49c025b0: TaskStarted(9,678,Some(AttributeKey[sbt.UnresolvedWarningConfiguration]("unresolvedWarningConfiguration") in Scope(Build: file:/C:/code/play/play-essentials/shop/, , Project: ProjectReference(file:/C:/code/play/play-essentials/shop/,root), Task: AttributeKey[sbt.UpdateReport]("update"))))
Sending msg to client play-fork-run-c6a53a38-e4d6-42af-8c41-31cc49c025b0: TaskFinished(9,690,Some(AttributeKey[scala.collection.Seq[scala.Tuple2[java.lang.String,java.io.File]]]("playAllAssets") in Scope(Build: file:/C:/code/play/play-essentials/shop/, , Project: ProjectReference(file:/C:/code/play/play-essentials/shop/,root))),true,None)
Sending msg to client play-fork-run-c6a53a38-e4d6-42af-8c41-31cc49c025b0: TaskFinished(9,678,Some(AttributeKey[sbt.UnresolvedWarningConfiguration]("unresolvedWarningConfiguration") in Scope(Build: file:/C:/code/play/play-essentials/shop/, , Project: ProjectReference(file:/C:/code/play/play-essentials/shop/,root), Task: AttributeKey[sbt.UpdateReport]("update"))),true,None)
Sending msg to client play-fork-run-c6a53a38-e4d6-42af-8c41-31cc49c025b0: TaskFinished(9,686,Some(AttributeKey[scala.collection.Seq[sbt.Attributed[java.io.File]]]("unmanagedClasspath") in Scope(Build: file:/C:/code/play/play-essentials/shop/, , Project: ProjectReference(file:/C:/code/play/play-essentials/shop/,root), Config: runtime)),true,None)
Sending msg to client play-fork-run-c6a53a38-e4d6-42af-8c41-31cc49c025b0: TaskFinished(9,667,Some(AttributeKey[sbt.ModuleSettings]("moduleSettings") in Scope(Build: file:/C:/code/play/play-essentials/shop/, , Project: ProjectReference(file:/C:/code/play/play-essentials/shop/,root))),true,None)
Sending msg to client play-fork-run-c6a53a38-e4d6-42af-8c41-31cc49c025b0: TaskFinished(9,659,Some(AttributeKey[sbt.Resolver]("projectResolver") in Scope(Build: file:/C:/code/play/play-essentials/shop/, , Project: ProjectReference(file:/C:/code/play/play-essentials/shop/,root))),true,None)
Sending msg to client play-fork-run-c6a53a38-e4d6-42af-8c41-31cc49c025b0: TaskStarted(9,657,Some(AttributeKey[scala.collection.Seq[sbt.Resolver]]("fullResolvers") in Scope(Build: file:/C:/code/play/play-essentials/shop/, , Project: ProjectReference(file:/C:/code/play/play-essentials/shop/,root))))
Sending msg to client play-fork-run-c6a53a38-e4d6-42af-8c41-31cc49c025b0: TaskFinished(9,657,Some(AttributeKey[scala.collection.Seq[sbt.Resolver]]("fullResolvers") in Scope(Build: file:/C:/code/play/play-essentials/shop/, , Project: ProjectReference(file:/C:/code/play/play-essentials/shop/,root))),true,None)
Sending msg to client play-fork-run-c6a53a38-e4d6-42af-8c41-31cc49c025b0: TaskStarted(9,655,Some(AttributeKey[sbt.IvyConfiguration]("ivyConfiguration") in Scope(Build: file:/C:/code/play/play-essentials/shop/, , Project: ProjectReference(file:/C:/code/play/play-essentials/shop/,root))))
Sending msg to client play-fork-run-c6a53a38-e4d6-42af-8c41-31cc49c025b0: TaskFinished(9,655,Some(AttributeKey[sbt.IvyConfiguration]("ivyConfiguration") in Scope(Build: file:/C:/code/play/play-essentials/shop/, , Project: ProjectReference(file:/C:/code/play/play-essentials/shop/,root))),true,None)
Sending msg to client play-fork-run-c6a53a38-e4d6-42af-8c41-31cc49c025b0: TaskStarted(9,653,Some(AttributeKey[sbt.IvySbt]("ivySbt") in Scope(Build: file:/C:/code/play/play-essentials/shop/, , Project: ProjectReference(file:/C:/code/play/play-essentials/shop/,root))))
Sending msg to client play-fork-run-c6a53a38-e4d6-42af-8c41-31cc49c025b0: TaskFinished(9,653,Some(AttributeKey[sbt.IvySbt]("ivySbt") in Scope(Build: file:/C:/code/play/play-essentials/shop/, , Project: ProjectReference(file:/C:/code/play/play-essentials/shop/,root))),true,None)
Sending msg to client play-fork-run-c6a53a38-e4d6-42af-8c41-31cc49c025b0: TaskStarted(9,652,Some(AttributeKey[sbt.IvySbt$Module]("ivyModule") in Scope(Build: file:/C:/code/play/play-essentials/shop/, , Project: ProjectReference(file:/C:/code/play/play-essentials/shop/,root))))
Sending msg to client play-fork-run-c6a53a38-e4d6-42af-8c41-31cc49c025b0: TaskFinished(9,652,Some(AttributeKey[sbt.IvySbt$Module]("ivyModule") in Scope(Build: file:/C:/code/play/play-essentials/shop/, , Project: ProjectReference(file:/C:/code/play/play-essentials/shop/,root))),true,None)
Sending msg to client play-fork-run-c6a53a38-e4d6-42af-8c41-31cc49c025b0: TaskStarted(9,650,Some(AttributeKey[sbt.UpdateReport]("update") in Scope(Build: file:/C:/code/play/play-essentials/shop/, , Project: ProjectReference(file:/C:/code/play/play-essentials/shop/,root))))
Sending msg to client play-fork-run-c6a53a38-e4d6-42af-8c41-31cc49c025b0: TaskFinished(9,650,Some(AttributeKey[sbt.UpdateReport]("update") in Scope(Build: file:/C:/code/play/play-essentials/shop/, , Project: ProjectReference(file:/C:/code/play/play-essentials/shop/,root))),true,None)
Sending msg to client play-fork-run-c6a53a38-e4d6-42af-8c41-31cc49c025b0: TaskStarted(9,647,Some(AttributeKey[sbt.UpdateReport]("update") in Scope(Build: file:/C:/code/play/play-essentials/shop/, , Project: ProjectReference(file:/C:/code/play/play-essentials/shop/,root))))
Sending msg to client play-fork-run-c6a53a38-e4d6-42af-8c41-31cc49c025b0: TaskFinished(9,647,Some(AttributeKey[sbt.UpdateReport]("update") in Scope(Build: file:/C:/code/play/play-essentials/shop/, , Project: ProjectReference(file:/C:/code/play/play-essentials/shop/,root))),true,None)
Sending msg to client play-fork-run-c6a53a38-e4d6-42af-8c41-31cc49c025b0: TaskStarted(9,683,Some(AttributeKey[sbt.Configuration]("classpathConfiguration") in Scope(Build: file:/C:/code/play/play-essentials/shop/, , Project: ProjectReference(file:/C:/code/play/play-essentials/shop/,root), Config: compile)))
Sending msg to client play-fork-run-c6a53a38-e4d6-42af-8c41-31cc49c025b0: TaskStarted(9,696,Some(AttributeKey[scala.collection.Seq[sbt.Attributed[java.io.File]]]("managedClasspath") in Scope(Build: file:/C:/code/play/play-essentials/shop/, , Project: ProjectReference(file:/C:/code/play/play-essentials/shop/,root), Config: docs)))
Sending msg to client play-fork-run-c6a53a38-e4d6-42af-8c41-31cc49c025b0: TaskFinished(9,683,Some(AttributeKey[sbt.Configuration]("classpathConfiguration") in Scope(Build: file:/C:/code/play/play-essentials/shop/, , Project: ProjectReference(file:/C:/code/play/play-essentials/shop/,root), Config: compile)),true,None)
Sending msg to client play-fork-run-c6a53a38-e4d6-42af-8c41-31cc49c025b0: TaskStarted(9,682,None)
Sending msg to client play-fork-run-c6a53a38-e4d6-42af-8c41-31cc49c025b0: TaskFinished(9,682,None,true,None)
Sending msg to client play-fork-run-c6a53a38-e4d6-42af-8c41-31cc49c025b0: TaskStarted(9,681,Some(AttributeKey[sbt.Configuration]("classpathConfiguration") in Scope(Build: file:/C:/code/play/play-essentials/shop/, , Project: ProjectReference(file:/C:/code/play/play-essentials/shop/,root), Config: runtime)))
Sending msg to client play-fork-run-c6a53a38-e4d6-42af-8c41-31cc49c025b0: TaskFinished(9,696,Some(AttributeKey[scala.collection.Seq[sbt.Attributed[java.io.File]]]("managedClasspath") in Scope(Build: file:/C:/code/play/play-essentials/shop/, , Project: ProjectReference(file:/C:/code/play/play-essentials/shop/,root), Config: docs)),true,None)
Sending msg to client play-fork-run-c6a53a38-e4d6-42af-8c41-31cc49c025b0: TaskFinished(9,681,Some(AttributeKey[sbt.Configuration]("classpathConfiguration") in Scope(Build: file:/C:/code/play/play-essentials/shop/, , Project: ProjectReference(file:/C:/code/play/play-essentials/shop/,root), Config: runtime)),true,None)
Sending msg to client play-fork-run-c6a53a38-e4d6-42af-8c41-31cc49c025b0: TaskStarted(9,646,None)
Sending msg to client play-fork-run-c6a53a38-e4d6-42af-8c41-31cc49c025b0: TaskFinished(9,646,None,true,None)
Sending msg to client play-fork-run-c6a53a38-e4d6-42af-8c41-31cc49c025b0: TaskStarted(9,645,Some(AttributeKey[scala.collection.Seq[sbt.Attributed[java.io.File]]]("managedClasspath") in Scope(Build: file:/C:/code/play/play-essentials/shop/, , Project: ProjectReference(file:/C:/code/play/play-essentials/shop/,root), Config: runtime)))
Sending msg to client play-fork-run-c6a53a38-e4d6-42af-8c41-31cc49c025b0: TaskFinished(9,645,Some(AttributeKey[scala.collection.Seq[sbt.Attributed[java.io.File]]]("managedClasspath") in Scope(Build: file:/C:/code/play/play-essentials/shop/, , Project: ProjectReference(file:/C:/code/play/play-essentials/shop/,root), Config: runtime)),true,None)
Sending msg to client play-fork-run-c6a53a38-e4d6-42af-8c41-31cc49c025b0: TaskStarted(9,644,None)
Sending msg to client play-fork-run-c6a53a38-e4d6-42af-8c41-31cc49c025b0: TaskFinished(9,644,None,true,None)
Sending msg to client play-fork-run-c6a53a38-e4d6-42af-8c41-31cc49c025b0: TaskStarted(9,643,Some(AttributeKey[scala.collection.Seq[sbt.Attributed[java.io.File]]]("playDependencyClasspath") in Scope(Build: file:/C:/code/play/play-essentials/shop/, , Project: ProjectReference(file:/C:/code/play/play-essentials/shop/,root))))
Sending msg to client play-fork-run-c6a53a38-e4d6-42af-8c41-31cc49c025b0: TaskFinished(9,643,Some(AttributeKey[scala.collection.Seq[sbt.Attributed[java.io.File]]]("playDependencyClasspath") in Scope(Build: file:/C:/code/play/play-essentials/shop/, , Project: ProjectReference(file:/C:/code/play/play-essentials/shop/,root))),true,None)
Sending msg to client play-fork-run-c6a53a38-e4d6-42af-8c41-31cc49c025b0: TaskStarted(9,642,Some(AttributeKey[play.forkrun.protocol.ForkConfig]("playForkConfig") in Scope(Build: file:/C:/code/play/play-essentials/shop/, , Project: ProjectReference(file:/C:/code/play/play-essentials/shop/,root))))
Sending msg to client play-fork-run-c6a53a38-e4d6-42af-8c41-31cc49c025b0: TaskFinished(9,642,Some(AttributeKey[play.forkrun.protocol.ForkConfig]("playForkConfig") in Scope(Build: file:/C:/code/play/play-essentials/shop/, , Project: ProjectReference(file:/C:/code/play/play-essentials/shop/,root))),true,None)
Sending msg to client play-fork-run-c6a53a38-e4d6-42af-8c41-31cc49c025b0: ValueChanged(AttributeKey[play.forkrun.protocol.ForkConfig]("playForkConfig") in Scope(Build: file:/C:/code/play/play-essentials/shop/, , Project: ProjectReference(file:/C:/code/play/play-essentials/shop/,root)),TaskSuccess(BuildValue(LazyValue(ForkConfig(C:\code\play\play-essentials\shop,List(),List(C:\Users\bpaxton\.sbt\boot\scala-2.10.4\lib\scala-library.jar, C:\Users\bpaxton\.ivy2\cache\com.typesafe.play\twirl-api_2.10\jars\twirl-api_2.10-1.0.2.jar, C:\Users\bpaxton\.ivy2\cache\org.apache.commons\commons-lang3\jars\commons-lang3-3.1.jar, C:\Users\bpaxton\.ivy2\cache\com.typesafe.play\play_2.10\jars\play_2.10-2.3.10.jar, C:\Users\bpaxton\.ivy2\cache\com.typesafe.play\build-link\jars\build-link-2.3.10.jar, C:\Users\bpaxton\.ivy2\cache\com.typesafe.play\play-exceptions\jars\play-exceptions-2.3.10.jar, C:\Users\bpaxton\.ivy2\cache\com.typesafe.play\play-iteratees_2.10\jars\play-iteratees_2.10-2.3.10.jar, C:\Users\bpaxton\.ivy2\cache\org.scala-stm\scala-stm_2.10\jars\scala-stm_2.10-0.7.jar, C:\Users\bpaxton\.ivy2\cache\com.typesafe\config\bundles\config-1.2.1.jar, C:\Users\bpaxton\.ivy2\cache\com.typesafe.play\play-json_2.10\jars\play-json_2.10-2.3.10.jar, C:\Users\bpaxton\.ivy2\cache\com.typesafe.play\play-functional_2.10\jars\play-functional_2.10-2.3.10.jar, C:\Users\bpaxton\.ivy2\cache\com.typesafe.play\play-datacommons_2.10\jars\play-datacommons_2.10-2.3.10.jar, C:\Users\bpaxton\.ivy2\cache\joda-time\joda-time\jars\joda-time-2.3.jar, C:\Users\bpaxton\.ivy2\cache\org.joda\joda-convert\jars\joda-convert-1.6.jar, C:\Users\bpaxton\.ivy2\cache\com.fasterxml.jackson.core\jackson-annotations\bundles\jackson-annotations-2.3.2.jar, C:\Users\bpaxton\.ivy2\cache\com.fasterxml.jackson.core\jackson-core\bundles\jackson-core-2.3.2.jar, C:\Users\bpaxton\.ivy2\cache\com.fasterxml.jackson.core\jackson-databind\bundles\jackson-databind-2.3.2.jar, C:\Users\bpaxton\.sbt\boot\scala-2.10.4\lib\scala-reflect.jar, C:\Users\bpaxton\.ivy2\cache\io.netty\netty\bundles\netty-3.9.9.Final.jar, C:\Users\bpaxton\.ivy2\cache\com.typesafe.netty\netty-http-pipelining\jars\netty-http-pipelining-1.1.2.jar, C:\Users\bpaxton\.ivy2\cache\org.slf4j\slf4j-api\jars\slf4j-api-1.7.6.jar, C:\Users\bpaxton\.ivy2\cache\org.slf4j\jul-to-slf4j\jars\jul-to-slf4j-1.7.6.jar, C:\Users\bpaxton\.ivy2\cache\org.slf4j\jcl-over-slf4j\jars\jcl-over-slf4j-1.7.6.jar, C:\Users\bpaxton\.ivy2\cache\ch.qos.logback\logback-core\jars\logback-core-1.1.1.jar, C:\Users\bpaxton\.ivy2\cache\ch.qos.logback\logback-classic\jars\logback-classic-1.1.1.jar, C:\Users\bpaxton\.ivy2\cache\com.typesafe.akka\akka-actor_2.10\jars\akka-actor_2.10-2.3.4.jar, C:\Users\bpaxton\.ivy2\cache\com.typesafe.akka\akka-slf4j_2.10\jars\akka-slf4j_2.10-2.3.4.jar, C:\Users\bpaxton\.ivy2\cache\commons-codec\commons-codec\jars\commons-codec-1.9.jar, C:\Users\bpaxton\.ivy2\cache\xerces\xercesImpl\jars\xercesImpl-2.11.0.jar, C:\Users\bpaxton\.ivy2\cache\xml-apis\xml-apis\jars\xml-apis-1.4.01.jar, C:\Users\bpaxton\.ivy2\cache\javax.transaction\jta\jars\jta-1.1.jar, C:\Users\bpaxton\.ivy2\cache\com.typesafe.play\play-java_2.10\jars\play-java_2.10-2.3.10.jar, C:\Users\bpaxton\.ivy2\cache\org.yaml\snakeyaml\bundles\snakeyaml-1.13.jar, C:\Users\bpaxton\.ivy2\cache\org.hibernate\hibernate-validator\jars\hibernate-validator-5.0.3.Final.jar, C:\Users\bpaxton\.ivy2\cache\javax.validation\validation-api\jars\validation-api-1.1.0.Final.jar, C:\Users\bpaxton\.ivy2\cache\com.fasterxml\classmate\bundles\classmate-1.0.0.jar, C:\Users\bpaxton\.ivy2\cache\org.jboss.logging\jboss-logging\jars\jboss-logging-3.2.0.Final.jar, C:\Users\bpaxton\.ivy2\cache\org.springframework\spring-context\jars\spring-context-4.0.3.RELEASE.jar, C:\Users\bpaxton\.ivy2\cache\org.springframework\spring-core\jars\spring-core-4.0.3.RELEASE.jar, C:\Users\bpaxton\.ivy2\cache\org.springframework\spring-beans\jars\spring-beans-4.0.3.RELEASE.jar, C:\Users\bpaxton\.ivy2\cache\org.javassist\javassist\bundles\javassist-3.19.0-GA.jar, C:\Users\bpaxton\.ivy2\cache\org.reflections\reflections\jars\reflections-0.9.8.jar, C:\Users\bpaxton\.ivy2\cache\com.google.guava\guava\bundles\guava-16.0.1.jar, C:\Users\bpaxton\.ivy2\cache\dom4j\dom4j\jars\dom4j-1.6.1.jar, C:\Users\bpaxton\.ivy2\cache\com.google.code.findbugs\jsr305\jars\jsr305-2.0.3.jar, C:\Users\bpaxton\.ivy2\cache\org.apache.tomcat\tomcat-servlet-api\jars\tomcat-servlet-api-8.0.5.jar, C:\Users\bpaxton\.ivy2\cache\com.typesafe.play\play-java-jpa_2.10\jars\play-java-jpa_2.10-2.3.10.jar, C:\Users\bpaxton\.ivy2\cache\com.typesafe.play\play-java-jdbc_2.10\jars\play-java-jdbc_2.10-2.3.10.jar, C:\Users\bpaxton\.ivy2\cache\com.typesafe.play\play-jdbc_2.10\jars\play-jdbc_2.10-2.3.10.jar, C:\Users\bpaxton\.ivy2\cache\com.jolbox\bonecp\bundles\bonecp-0.8.0.RELEASE.jar, C:\Users\bpaxton\.ivy2\cache\com.h2database\h2\jars\h2-1.3.175.jar, C:\Users\bpaxton\.ivy2\cache\tyrex\tyrex\jars\tyrex-1.0.1.jar, C:\Users\bpaxton\.ivy2\cache\org.hibernate.javax.persistence\hibernate-jpa-2.0-api\jars\hibernate-jpa-2.0-api-1.0.1.Final.jar),List((public/,C:\code\play\play-essentials\shop\target\web\public\main)),List(C:\Users\bpaxton\.ivy2\cache\com.typesafe.play\play-docs_2.10\jars\play-docs_2.10-2.3.10.jar, C:\Users\bpaxton\.sbt\boot\scala-2.10.4\lib\scala-library.jar, C:\Users\bpaxton\.ivy2\cache\com.typesafe.play\play_2.10\jars\play_2.10-2.3.10.jar, C:\Users\bpaxton\.ivy2\cache\com.typesafe.play\build-link\jars\build-link-2.3.10.jar, C:\Users\bpaxton\.ivy2\cache\com.typesafe.play\play-exceptions\jars\play-exceptions-2.3.10.jar, C:\Users\bpaxton\.ivy2\cache\org.javassist\javassist\bundles\javassist-3.18.2-GA.jar, C:\Users\bpaxton\.ivy2\cache\com.typesafe.play\play-iteratees_2.10\jars\play-iteratees_2.10-2.3.10.jar, C:\Users\bpaxton\.ivy2\cache\org.scala-stm\scala-stm_2.10\jars\scala-stm_2.10-0.7.jar, C:\Users\bpaxton\.ivy2\cache\com.typesafe\config\bundles\config-1.2.1.jar, C:\Users\bpaxton\.ivy2\cache\com.typesafe.play\play-json_2.10\jars\play-json_2.10-2.3.10.jar, C:\Users\bpaxton\.ivy2\cache\com.typesafe.play\play-functional_2.10\jars\play-functional_2.10-2.3.10.jar, C:\Users\bpaxton\.ivy2\cache\com.typesafe.play\play-datacommons_2.10\jars\play-datacommons_2.10-2.3.10.jar, C:\Users\bpaxton\.ivy2\cache\joda-time\joda-time\jars\joda-time-2.3.jar, C:\Users\bpaxton\.ivy2\cache\org.joda\joda-convert\jars\joda-convert-1.6.jar, C:\Users\bpaxton\.ivy2\cache\com.fasterxml.jackson.core\jackson-annotations\bundles\jackson-annotations-2.3.2.jar, C:\Users\bpaxton\.ivy2\cache\com.fasterxml.jackson.core\jackson-core\bundles\jackson-core-2.3.2.jar, C:\Users\bpaxton\.ivy2\cache\com.fasterxml.jackson.core\jackson-databind\bundles\jackson-databind-2.3.2.jar, C:\Users\bpaxton\.sbt\boot\scala-2.10.4\lib\scala-reflect.jar, C:\Users\bpaxton\.ivy2\cache\com.typesafe.play\twirl-api_2.10\jars\twirl-api_2.10-1.0.2.jar, C:\Users\bpaxton\.ivy2\cache\org.apache.commons\commons-lang3\jars\commons-lang3-3.1.jar, C:\Users\bpaxton\.ivy2\cache\io.netty\netty\bundles\netty-3.9.9.Final.jar, C:\Users\bpaxton\.ivy2\cache\com.typesafe.netty\netty-http-pipelining\jars\netty-http-pipelining-1.1.2.jar, C:\Users\bpaxton\.ivy2\cache\org.slf4j\slf4j-api\jars\slf4j-api-1.7.6.jar, C:\Users\bpaxton\.ivy2\cache\org.slf4j\jul-to-slf4j\jars\jul-to-slf4j-1.7.6.jar, C:\Users\bpaxton\.ivy2\cache\org.slf4j\jcl-over-slf4j\jars\jcl-over-slf4j-1.7.6.jar, C:\Users\bpaxton\.ivy2\cache\ch.qos.logback\logback-core\jars\logback-core-1.1.1.jar, C:\Users\bpaxton\.ivy2\cache\ch.qos.logback\logback-classic\jars\logback-classic-1.1.1.jar, C:\Users\bpaxton\.ivy2\cache\com.typesafe.akka\akka-actor_2.10\jars\akka-actor_2.10-2.3.4.jar, C:\Users\bpaxton\.ivy2\cache\com.typesafe.akka\akka-slf4j_2.10\jars\akka-slf4j_2.10-2.3.4.jar, C:\Users\bpaxton\.ivy2\cache\commons-codec\commons-codec\jars\commons-codec-1.9.jar, C:\Users\bpaxton\.ivy2\cache\xerces\xercesImpl\jars\xercesImpl-2.11.0.jar, C:\Users\bpaxton\.ivy2\cache\xml-apis\xml-apis\jars\xml-apis-1.4.01.jar, C:\Users\bpaxton\.ivy2\cache\javax.transaction\jta\jars\jta-1.1.jar, C:\Users\bpaxton\.ivy2\cache\com.typesafe.play\play-doc_2.10\jars\play-doc_2.10-1.1.0.jar, C:\Users\bpaxton\.ivy2\cache\org.pegdown\pegdown\jars\pegdown-1.4.0.jar, C:\Users\bpaxton\.ivy2\cache\org.parboiled\parboiled-java\bundles\parboiled-java-1.1.5.jar, C:\Users\bpaxton\.ivy2\cache\org.parboiled\parboiled-core\bundles\parboiled-core-1.1.5.jar, C:\Users\bpaxton\.ivy2\cache\org.ow2.asm\asm\jars\asm-4.1.jar, C:\Users\bpaxton\.ivy2\cache\org.ow2.asm\asm-tree\jars\asm-tree-4.1.jar, C:\Users\bpaxton\.ivy2\cache\org.ow2.asm\asm-analysis\jars\asm-analysis-4.1.jar, C:\Users\bpaxton\.ivy2\cache\org.ow2.asm\asm-util\jars\asm-util-4.1.jar, C:\Users\bpaxton\.ivy2\cache\commons-io\commons-io\jars\commons-io-2.4.jar),List(),9000,DefaultWatchService,List(C:\code\play\play-essentials\shop\app-2.10, C:\code\play\play-essentials\shop\app, C:\code\play\play-essentials\shop\conf, C:\code\play\play-essentials\shop\app\assets, C:\code\play\play-essentials\shop\public),C:\code\play\play-essentials\shop\target,500,root/playForkNotifyStart,root/playForkReload,300000),scala.pickling.PicklerUnpickler$DelegatingPicklerUnpickler@5d44c9f7),ForkConfig(C:\code\play\play-essentials\shop,List(),List(C:\Users\bpaxton\.sbt\boot\scala-2.10.4\lib\scala-library.jar, C:\Users\bpaxton\.ivy2\cache\com.typesafe.play\twirl-api_2.10\jars\twirl-api_2.10-1.0.2.jar, C:\Users\bpaxton\.ivy2\cache\org.apache.commons\commons-lang3\jars\commons-lang3-3.1.jar, C:\Users\bpaxton\.ivy2\cache\com.typesafe.play\play_2.10\jars\play_2.10-2.3.10.jar, C:\Users\bpaxton\.ivy2\cache\com.typesafe.play\build-link\jars\build-link-2.3.10.jar, C:\Users\bpaxton\.ivy2\cache\com.typesafe.play\play-exceptions\jars\play-exceptions-2.3.10.jar, C:\Users\bpaxton\.ivy2\cache\com.typesafe.play\play-iteratees_2.10\jars\play-iteratees_2.10-2.3.10.jar, C:\Users\bpaxton\.ivy2\cache\org.scala-stm\scala-stm_2.10\jars\scala-stm_2.10-0.7.jar, C:\Users\bpaxton\.ivy2\cache\com.typesafe\config\bundles\config-1.2.1.jar, C:\Users\bpaxton\.ivy2\cache\com.typesafe.play\play-json_2.10\jars\play-json_2.10-2.3.10.jar, C:\Users\bpaxton\.ivy2\cache\com.typesafe.play\play-functional_2.10\jars\play-functional_2.10-2.3.10.jar, C:\Users\bpaxton\.ivy2\cache\com.typesafe.play\play-datacommons_2.10\jars\play-datacommons_2.10-2.3.10.jar, C:\Users\bpaxton\.ivy2\cache\joda-time\joda-time\jars\joda-time-2.3.jar, C:\Users\bpaxton\.ivy2\cache\org.joda\joda-convert\jars\joda-convert-1.6.jar, C:\Users\bpaxton\.ivy2\cache\com.fasterxml.jackson.core\jackson-annotations\bundles\jackson-annotations-2.3.2.jar, C:\Users\bpaxton\.ivy2\cache\com.fasterxml.jackson.core\jackson-core\bundles\jackson-core-2.3.2.jar, C:\Users\bpaxton\.ivy2\cache\com.fasterxml.jackson.core\jackson-databind\bundles\jackson-databind-2.3.2.jar, C:\Users\bpaxton\.sbt\boot\scala-2.10.4\lib\scala-reflect.jar, C:\Users\bpaxton\.ivy2\cache\io.netty\netty\bundles\netty-3.9.9.Final.jar, C:\Users\bpaxton\.ivy2\cache\com.typesafe.netty\netty-http-pipelining\jars\netty-http-pipelining-1.1.2.jar, C:\Users\bpaxton\.ivy2\cache\org.slf4j\slf4j-api\jars\slf4j-api-1.7.6.jar, C:\Users\bpaxton\.ivy2\cache\org.slf4j\jul-to-slf4j\jars\jul-to-slf4j-1.7.6.jar, C:\Users\bpaxton\.ivy2\cache\org.slf4j\jcl-over-slf4j\jars\jcl-over-slf4j-1.7.6.jar, C:\Users\bpaxton\.ivy2\cache\ch.qos.logback\logback-core\jars\logback-core-1.1.1.jar, C:\Users\bpaxton\.ivy2\cache\ch.qos.logback\logback-classic\jars\logback-classic-1.1.1.jar, C:\Users\bpaxton\.ivy2\cache\com.typesafe.akka\akka-actor_2.10\jars\akka-actor_2.10-2.3.4.jar, C:\Users\bpaxton\.ivy2\cache\com.typesafe.akka\akka-slf4j_2.10\jars\akka-slf4j_2.10-2.3.4.jar, C:\Users\bpaxton\.ivy2\cache\commons-codec\commons-codec\jars\commons-codec-1.9.jar, C:\Users\bpaxton\.ivy2\cache\xerces\xercesImpl\jars\xercesImpl-2.11.0.jar, C:\Users\bpaxton\.ivy2\cache\xml-apis\xml-apis\jars\xml-apis-1.4.01.jar, C:\Users\bpaxton\.ivy2\cache\javax.transaction\jta\jars\jta-1.1.jar, C:\Users\bpaxton\.ivy2\cache\com.typesafe.play\play-java_2.10\jars\play-java_2.10-2.3.10.jar, C:\Users\bpaxton\.ivy2\cache\org.yaml\snakeyaml\bundles\snakeyaml-1.13.jar, C:\Users\bpaxton\.ivy2\cache\org.hibernate\hibernate-validator\jars\hibernate-validator-5.0.3.Final.jar, C:\Users\bpaxton\.ivy2\cache\javax.validation\validation-api\jars\validation-api-1.1.0.Final.jar, C:\Users\bpaxton\.ivy2\cache\com.fasterxml\classmate\bundles\classmate-1.0.0.jar, C:\Users\bpaxton\.ivy2\cache\org.jboss.logging\jboss-logging\jars\jboss-logging-3.2.0.Final.jar, C:\Users\bpaxton\.ivy2\cache\org.springframework\spring-context\jars\spring-context-4.0.3.RELEASE.jar, C:\Users\bpaxton\.ivy2\cache\org.springframework\spring-core\jars\spring-core-4.0.3.RELEASE.jar, C:\Users\bpaxton\.ivy2\cache\org.springframework\spring-beans\jars\spring-beans-4.0.3.RELEASE.jar, C:\Users\bpaxton\.ivy2\cache\org.javassist\javassist\bundles\javassist-3.19.0-GA.jar, C:\Users\bpaxton\.ivy2\cache\org.reflections\reflections\jars\reflections-0.9.8.jar, C:\Users\bpaxton\.ivy2\cache\com.google.guava\guava\bundles\guava-16.0.1.jar, C:\Users\bpaxton\.ivy2\cache\dom4j\dom4j\jars\dom4j-1.6.1.jar, C:\Users\bpaxton\.ivy2\cache\com.google.code.findbugs\jsr305\jars\jsr305-2.0.3.jar, C:\Users\bpaxton\.ivy2\cache\org.apache.tomcat\tomcat-servlet-api\jars\tomcat-servlet-api-8.0.5.jar, C:\Users\bpaxton\.ivy2\cache\com.typesafe.play\play-java-jpa_2.10\jars\play-java-jpa_2.10-2.3.10.jar, C:\Users\bpaxton\.ivy2\cache\com.typesafe.play\play-java-jdbc_2.10\jars\play-java-jdbc_2.10-2.3.10.jar, C:\Users\bpaxton\.ivy2\cache\com.typesafe.play\play-jdbc_2.10\jars\play-jdbc_2.10-2.3.10.jar, C:\Users\bpaxton\.ivy2\cache\com.jolbox\bonecp\bundles\bonecp-0.8.0.RELEASE.jar, C:\Users\bpaxton\.ivy2\cache\com.h2database\h2\jars\h2-1.3.175.jar, C:\Users\bpaxton\.ivy2\cache\tyrex\tyrex\jars\tyrex-1.0.1.jar, C:\Users\bpaxton\.ivy2\cache\org.hibernate.javax.persistence\hibernate-jpa-2.0-api\jars\hibernate-jpa-2.0-api-1.0.1.Final.jar),List((public/,C:\code\play\play-essentials\shop\target\web\public\main)),List(C:\Users\bpaxton\.ivy2\cache\com.typesafe.play\play-docs_2.10\jars\play-docs_2.10-2.3.10.jar, C:\Users\bpaxton\.sbt\boot\scala-2.10.4\lib\scala-library.jar, C:\Users\bpaxton\.ivy2\cache\com.typesafe.play\play_2.10\jars\play_2.10-2.3.10.jar, C:\Users\bpaxton\.ivy2\cache\com.typesafe.play\build-link\jars\build-link-2.3.10.jar, C:\Users\bpaxton\.ivy2\cache\com.typesafe.play\play-exceptions\jars\play-exceptions-2.3.10.jar, C:\Users\bpaxton\.ivy2\cache\org.javassist\javassist\bundles\javassist-3.18.2-GA.jar, C:\Users\bpaxton\.ivy2\cache\com.typesafe.play\play-iteratees_2.10\jars\play-iteratees_2.10-2.3.10.jar, C:\Users\bpaxton\.ivy2\cache\org.scala-stm\scala-stm_2.10\jars\scala-stm_2.10-0.7.jar, C:\Users\bpaxton\.ivy2\cache\com.typesafe\config\bundles\config-1.2.1.jar, C:\Users\bpaxton\.ivy2\cache\com.typesafe.play\play-json_2.10\jars\play-json_2.10-2.3.10.jar, C:\Users\bpaxton\.ivy2\cache\com.typesafe.play\play-functional_2.10\jars\play-functional_2.10-2.3.10.jar, C:\Users\bpaxton\.ivy2\cache\com.typesafe.play\play-datacommons_2.10\jars\play-datacommons_2.10-2.3.10.jar, C:\Users\bpaxton\.ivy2\cache\joda-time\joda-time\jars\joda-time-2.3.jar, C:\Users\bpaxton\.ivy2\cache\org.joda\joda-convert\jars\joda-convert-1.6.jar, C:\Users\bpaxton\.ivy2\cache\com.fasterxml.jackson.core\jackson-annotations\bundles\jackson-annotations-2.3.2.jar, C:\Users\bpaxton\.ivy2\cache\com.fasterxml.jackson.core\jackson-core\bundles\jackson-core-2.3.2.jar, C:\Users\bpaxton\.ivy2\cache\com.fasterxml.jackson.core\jackson-databind\bundles\jackson-databind-2.3.2.jar, C:\Users\bpaxton\.sbt\boot\scala-2.10.4\lib\scala-reflect.jar, C:\Users\bpaxton\.ivy2\cache\com.typesafe.play\twirl-api_2.10\jars\twirl-api_2.10-1.0.2.jar, C:\Users\bpaxton\.ivy2\cache\org.apache.commons\commons-lang3\jars\commons-lang3-3.1.jar, C:\Users\bpaxton\.ivy2\cache\io.netty\netty\bundles\netty-3.9.9.Final.jar, C:\Users\bpaxton\.ivy2\cache\com.typesafe.netty\netty-http-pipelining\jars\netty-http-pipelining-1.1.2.jar, C:\Users\bpaxton\.ivy2\cache\org.slf4j\slf4j-api\jars\slf4j-api-1.7.6.jar, C:\Users\bpaxton\.ivy2\cache\org.slf4j\jul-to-slf4j\jars\jul-to-slf4j-1.7.6.jar, C:\Users\bpaxton\.ivy2\cache\org.slf4j\jcl-over-slf4j\jars\jcl-over-slf4j-1.7.6.jar, C:\Users\bpaxton\.ivy2\cache\ch.qos.logback\logback-core\jars\logback-core-1.1.1.jar, C:\Users\bpaxton\.ivy2\cache\ch.qos.logback\logback-classic\jars\logback-classic-1.1.1.jar, C:\Users\bpaxton\.ivy2\cache\com.typesafe.akka\akka-actor_2.10\jars\akka-actor_2.10-2.3.4.jar, C:\Users\bpaxton\.ivy2\cache\com.typesafe.akka\akka-slf4j_2.10\jars\akka-slf4j_2.10-2.3.4.jar, C:\Users\bpaxton\.ivy2\cache\commons-codec\commons-codec\jars\commons-codec-1.9.jar, C:\Users\bpaxton\.ivy2\cache\xerces\xercesImpl\jars\xercesImpl-2.11.0.jar, C:\Users\bpaxton\.ivy2\cache\xml-apis\xml-apis\jars\xml-apis-1.4.01.jar, C:\Users\bpaxton\.ivy2\cache\javax.transaction\jta\jars\jta-1.1.jar, C:\Users\bpaxton\.ivy2\cache\com.typesafe.play\play-doc_2.10\jars\play-doc_2.10-1.1.0.jar, C:\Users\bpaxton\.ivy2\cache\org.pegdown\pegdown\jars\pegdown-1.4.0.jar, C:\Users\bpaxton\.ivy2\cache\org.parboiled\parboiled-java\bundles\parboiled-java-1.1.5.jar, C:\Users\bpaxton\.ivy2\cache\org.parboiled\parboiled-core\bundles\parboiled-core-1.1.5.jar, C:\Users\bpaxton\.ivy2\cache\org.ow2.asm\asm\jars\asm-4.1.jar, C:\Users\bpaxton\.ivy2\cache\org.ow2.asm\asm-tree\jars\asm-tree-4.1.jar, C:\Users\bpaxton\.ivy2\cache\org.ow2.asm\asm-analysis\jars\asm-analysis-4.1.jar, C:\Users\bpaxton\.ivy2\cache\org.ow2.asm\asm-util\jars\asm-util-4.1.jar, C:\Users\bpaxton\.ivy2\cache\commons-io\commons-io\jars\commons-io-2.4.jar),List(),9000,DefaultWatchService,List(C:\code\play\play-essentials\shop\app-2.10, C:\code\play\play-essentials\shop\app, C:\code\play\play-essentials\shop\conf, C:\code\play\play-essentials\shop\app\assets, C:\code\play\play-essentials\shop\public),C:\code\play\play-essentials\shop\target,500,root/playForkNotifyStart,root/playForkReload,300000))))
Sending msg to client play-fork-run-c6a53a38-e4d6-42af-8c41-31cc49c025b0: TaskStarted(9,641,None)
Sending msg to client play-fork-run-c6a53a38-e4d6-42af-8c41-31cc49c025b0: TaskFinished(9,641,None,true,None)
Sending msg to client play-fork-run-c6a53a38-e4d6-42af-8c41-31cc49c025b0: TaskStarted(9,640,None)
Sending msg to client play-fork-run-c6a53a38-e4d6-42af-8c41-31cc49c025b0: TaskFinished(9,640,None,true,None)
Sending msg to client play-fork-run-c6a53a38-e4d6-42af-8c41-31cc49c025b0: DetachedLogEvent(LogMessage(debug,cancel strategy finish enabled=false lastCommand=Some(LastCommand(CommandExecutionWork(ExecutionId(9),{file:/C:/code/play/play-essentials/shop/}root/*:playForkConfig,Set(LiveClient(play-fork-run c6a53a38-e4d6-42af-8c41-31cc49c025b0)),sbt.server.WorkCancellationStatus$$anon$1@7de03610)))))
Sending msg to client play-fork-run-c6a53a38-e4d6-42af-8c41-31cc49c025b0: DetachedLogEvent(LogSuccess(Total time: 0 s, completed 17-Feb-2016 22:05:19))
Sending msg to client play-fork-run-c6a53a38-e4d6-42af-8c41-31cc49c025b0: DetachedLogEvent(LogMessage(debug,> server-post-command-cleanup))
Sending msg to client play-fork-run-c6a53a38-e4d6-42af-8c41-31cc49c025b0: ExecutionSuccess(9)
Sending msg to client play-fork-run-c6a53a38-e4d6-42af-8c41-31cc49c025b0: DetachedLogEvent(LogMessage(debug,> server-handle-next-server-request))
Sending msg to client play-fork-run-c6a53a38-e4d6-42af-8c41-31cc49c025b0: BackgroundJobLogEvent(1,LogMessage(info,))
Sending msg to client play-fork-run-c6a53a38-e4d6-42af-8c41-31cc49c025b0: BackgroundJobLogEvent(1,LogMessage(info,--- (Running the application, auto-reloading is enabled) ---))
Sending msg to client play-fork-run-c6a53a38-e4d6-42af-8c41-31cc49c025b0: BackgroundJobLogEvent(1,LogMessage(info,))
Sending msg to client play-fork-run-c6a53a38-e4d6-42af-8c41-31cc49c025b0: BackgroundJobLogEvent(1,LogMessage(info,play - Listening for HTTP on /0:0:0:0:0:0:0:0:9000))
Sending msg to client play-fork-run-c6a53a38-e4d6-42af-8c41-31cc49c025b0: BackgroundJobLogEvent(1,LogMessage(info,))
Sending msg to client play-fork-run-c6a53a38-e4d6-42af-8c41-31cc49c025b0: BackgroundJobLogEvent(1,LogMessage(info,(Server started, use Ctrl+D to stop and go back to the console...)))
Sending msg to client play-fork-run-c6a53a38-e4d6-42af-8c41-31cc49c025b0: BackgroundJobLogEvent(1,LogMessage(info,))
Got request: ExecutionRequest(root/playForkNotifyStart http://localhost:9000)
Reading next message from client.
Sending msg to client play-fork-run-c6a53a38-e4d6-42af-8c41-31cc49c025b0: (8,ExecutionRequestReceived(10))
Sending msg to client play-fork-run-c6a53a38-e4d6-42af-8c41-31cc49c025b0: ExecutionWaiting(10,root/playForkNotifyStart http://localhost:9000,ClientInfo(c6a53a38-e4d6-42af-8c41-31cc49c025b0,play-fork-run,Play Fork Run,1,Vector()))
Sending msg to client play-fork-run-c6a53a38-e4d6-42af-8c41-31cc49c025b0: ExecutionStarting(10)
Sending msg to client play-fork-run-c6a53a38-e4d6-42af-8c41-31cc49c025b0: DetachedLogEvent(LogMessage(debug,> root/playForkNotifyStart http://localhost:9000))
Sending msg to client play-fork-run-c6a53a38-e4d6-42af-8c41-31cc49c025b0: DetachedLogEvent(LogMessage(debug,Evaluating tasks: *:playForkNotifyStart))
Sending msg to client play-fork-run-c6a53a38-e4d6-42af-8c41-31cc49c025b0: DetachedLogEvent(LogMessage(debug,Running task... Cancel: sbt.server.ServerTaskCancellation@754db2b7, check cycles: false))
Sending msg to client play-fork-run-c6a53a38-e4d6-42af-8c41-31cc49c025b0: DetachedLogEvent(LogMessage(debug,cancel strategy start enabled=true lastCommand=Some(LastCommand(CommandExecutionWork(ExecutionId(10),root/playForkNotifyStart http://localhost:9000,Set(LiveClient(play-fork-run c6a53a38-e4d6-42af-8c41-31cc49c025b0)),sbt.server.WorkCancellationStatus$$anon$1@4d74040d)))))
Sending msg to client play-fork-run-c6a53a38-e4d6-42af-8c41-31cc49c025b0: TaskStarted(10,716,Some(AttributeKey[sbt.SendEventService]("sendEventService") in Scope(Global)))
Sending msg to client play-fork-run-c6a53a38-e4d6-42af-8c41-31cc49c025b0: TaskFinished(10,716,Some(AttributeKey[sbt.SendEventService]("sendEventService") in Scope(Global)),true,None)
Sending msg to client play-fork-run-c6a53a38-e4d6-42af-8c41-31cc49c025b0: TaskStarted(10,715,Some(AttributeKey[scala.Function1[java.lang.String,void]]("playForkStarted") in Scope(Build: file:/C:/code/play/play-essentials/shop/, , Project: ProjectReference(file:/C:/code/play/play-essentials/shop/,root))))
Sending msg to client play-fork-run-c6a53a38-e4d6-42af-8c41-31cc49c025b0: TaskFinished(10,715,Some(AttributeKey[scala.Function1[java.lang.String,void]]("playForkStarted") in Scope(Build: file:/C:/code/play/play-essentials/shop/, , Project: ProjectReference(file:/C:/code/play/play-essentials/shop/,root))),true,None)
Sending msg to client play-fork-run-c6a53a38-e4d6-42af-8c41-31cc49c025b0: TaskStarted(10,714,Some(AttributeKey[void]("playForkNotifyStart") in Scope(Build: file:/C:/code/play/play-essentials/shop/, , Project: ProjectReference(file:/C:/code/play/play-essentials/shop/,root))))
Sending msg to client play-fork-run-c6a53a38-e4d6-42af-8c41-31cc49c025b0: TaskEvent(714,LazyValue(PlayServerStarted(http://localhost:9000),play.forkrun.protocol.Serializers$PlayForkrunProtocolPlayServerStartedPickler1$2$@187abf3f))
Sending msg to client play-fork-run-c6a53a38-e4d6-42af-8c41-31cc49c025b0: TaskFinished(10,714,Some(AttributeKey[void]("playForkNotifyStart") in Scope(Build: file:/C:/code/play/play-essentials/shop/, , Project: ProjectReference(file:/C:/code/play/play-essentials/shop/,root))),true,None)
Sending msg to client play-fork-run-c6a53a38-e4d6-42af-8c41-31cc49c025b0: TaskStarted(10,713,None)
Sending msg to client play-fork-run-c6a53a38-e4d6-42af-8c41-31cc49c025b0: TaskFinished(10,713,None,true,None)
Sending msg to client play-fork-run-c6a53a38-e4d6-42af-8c41-31cc49c025b0: TaskStarted(10,712,None)
Sending msg to client play-fork-run-c6a53a38-e4d6-42af-8c41-31cc49c025b0: TaskFinished(10,712,None,true,None)
Sending msg to client play-fork-run-c6a53a38-e4d6-42af-8c41-31cc49c025b0: DetachedLogEvent(LogMessage(debug,cancel strategy finish enabled=false lastCommand=Some(LastCommand(CommandExecutionWork(ExecutionId(10),root/playForkNotifyStart http://localhost:9000,Set(LiveClient(play-fork-run c6a53a38-e4d6-42af-8c41-31cc49c025b0)),sbt.server.WorkCancellationStatus$$anon$1@4d74040d)))))
Sending msg to client play-fork-run-c6a53a38-e4d6-42af-8c41-31cc49c025b0: DetachedLogEvent(LogSuccess(Total time: 0 s, completed 17-Feb-2016 22:05:20))
Sending msg to client play-fork-run-c6a53a38-e4d6-42af-8c41-31cc49c025b0: DetachedLogEvent(LogMessage(debug,> server-post-command-cleanup))
Sending msg to client play-fork-run-c6a53a38-e4d6-42af-8c41-31cc49c025b0: ExecutionSuccess(10)
Sending msg to client play-fork-run-c6a53a38-e4d6-42af-8c41-31cc49c025b0: DetachedLogEvent(LogMessage(debug,> server-handle-next-server-request))
