New log file opened at Sun Feb 21 21:20:27 GMT 2016 by 10596@MA-VPC-023
jvm 10596@MA-VPC-023
jvm vmName=Java HotSpot(TM) 64-Bit Server VM vmVendor=Oracle Corporation vmVersion=25.71-b15
jvm specName=Java Virtual Machine Specification specVendor=Oracle Corporation specVersion=1.8
jvm arguments: [-Xms256m, -Xmx1024m, -XX:MetaspaceSize=64m, -XX:MaxMetaspaceSize=256m]
Starting event engine
Starting sbt command engine
Waiting for sbt command engine
Command engine arguments=List()
Command engine baseDirectory=C:\code\play\play-essentials\shop
Command engine initial remaining commands List(--initialize, onFailure load-failed, boot, server-send-ready-for-request, server-handle-next-server-request)
> --initialize
> initialize
> onFailure load-failed
> boot
> reload
[Loading] Scanning directory C:\code\play\play-essentials\shop\project
[Loading] Found non-root projects 
[Loading] Done in C:\code\play\play-essentials\shop\project, returning: ()
deducing auto plugins based on known facts Set(Atom(sbt.plugins.CorePlugin)) and clauses Clauses(List(Clause(Atom(sbt.plugins.JvmPlugin),Set(Atom(sbt.plugins.IvyPlugin))), Clause(Atom(sbt.plugins.JUnitXmlReportPlugin),Set(Atom(sbt.plugins.JvmPlugin))), Clause(Atom(sbt.plugins.CorePlugin),Set(Atom(sbt.plugins.IvyPlugin))), Clause(Atom(sbt.plugins.IvyPlugin),Set(Atom(sbt.plugins.JvmPlugin))), Clause(Atom(sbt.plugins.JvmPlugin),Set(Atom(sbt.plugins.JUnitXmlReportPlugin)))))
  :: deduced result: Matched(sbt.plugins.CorePlugin,sbt.plugins.IvyPlugin,sbt.plugins.JvmPlugin,sbt.plugins.JUnitXmlReportPlugin)
sorting: ns: List(sbt.plugins.CorePlugin, sbt.plugins.IvyPlugin, sbt.plugins.JvmPlugin, sbt.plugins.JUnitXmlReportPlugin)
  :: sorting:: found: List(sbt.plugins.CorePlugin) not found List(sbt.plugins.IvyPlugin, sbt.plugins.JvmPlugin, sbt.plugins.JUnitXmlReportPlugin)
  :: sorting:: found: List(sbt.plugins.CorePlugin, sbt.plugins.IvyPlugin) not found List(sbt.plugins.JvmPlugin, sbt.plugins.JUnitXmlReportPlugin)
  :: sorting:: found: List(sbt.plugins.CorePlugin, sbt.plugins.IvyPlugin, sbt.plugins.JvmPlugin) not found List(sbt.plugins.JUnitXmlReportPlugin)
  :: sorting:: found: List(sbt.plugins.CorePlugin, sbt.plugins.IvyPlugin, sbt.plugins.JvmPlugin, sbt.plugins.JUnitXmlReportPlugin) not found List()
  :: sorted deduced result: List(sbt.plugins.CorePlugin, sbt.plugins.IvyPlugin, sbt.plugins.JvmPlugin, sbt.plugins.JUnitXmlReportPlugin)
[Loading] Done in C:\code\play\play-essentials\shop\project, returning: (shop-build)
Loading project definition from C:\code\play\play-essentials\shop\project
Running task... Cancel: sbt.TaskCancellationStrategy$Null$@2a21b614, check cycles: false

Initial source changes: 
	removed:Set()
	added: Set()
	modified: Set()
Removed products: Set()
External API changes: API Changes: Set()
Modified binary dependencies: Set()
Initial directly invalidated sources: Set()

Sources indirectly invalidated by:
	product: Set()
	binary dep: Set()
	external source: Set()
All initially invalidated sources: Set()

Copy resource mappings: 
	
[Loading] Scanning directory C:\code\play\play-essentials\shop
[Loading] Found root project root w/ remaining 
deducing auto plugins based on known facts Set(Atom(play.PlayJava), Atom(sbt.plugins.CorePlugin)) and clauses Clauses(List(Clause(Atom(sbt.plugins.JvmPlugin),Set(Atom(sbt.plugins.IvyPlugin))), Clause(Atom(sbt.plugins.JUnitXmlReportPlugin),Set(Atom(sbt.plugins.JvmPlugin))), Clause(Atom(play.sbt.forkrun.PlayForkRun),Set(Atom(sbt.plugins.BackgroundRunPlugin))), Clause(Atom(play.sbt.forkrun.PlayForkRun),Set(Atom(play.Play))), Clause(Atom(play.sbt.forkrun.PlayForkRun),Set(Atom(sbt.plugins.SerializersPlugin))), Clause(Atom(play.Play),Set(Atom(com.typesafe.sbt.webdriver.SbtWebDriver))), Clause(Atom(play.Play),Set(Atom(play.twirl.sbt.SbtTwirl))), Clause(Atom(play.Play),Set(Atom(com.typesafe.sbt.jse.SbtJsTask))), Clause(Atom(play.PlayJava),Set(Atom(play.Play))), Clause(Atom(play.PlayScala),Set(Atom(play.Play))), Clause(Atom(play.twirl.sbt.SbtTwirl),Set(Atom(sbt.plugins.JvmPlugin))), Clause(Atom(com.typesafe.sbt.jse.SbtJsEngine),Set(Atom(com.typesafe.sbt.web.SbtWeb))), Clause(Atom(com.typesafe.sbt.jse.SbtJsTask),Set(Atom(com.typesafe.sbt.jse.SbtJsEngine))), Clause(Atom(com.typesafe.sbt.webdriver.SbtWebDriver),Set(Atom(com.typesafe.sbt.web.SbtWeb))), Clause(Atom(sbt.plugins.BackgroundRunPlugin),Set(Atom(sbt.plugins.JvmPlugin))), Clause(Atom(sbt.plugins.CorePlugin),Set(Atom(sbt.plugins.IvyPlugin))), Clause(Atom(sbt.plugins.IvyPlugin),Set(Atom(sbt.plugins.JvmPlugin))), Clause(Atom(sbt.plugins.JvmPlugin),Set(Atom(sbt.plugins.JUnitXmlReportPlugin))), Clause(And(Set(Atom(sbt.plugins.BackgroundRunPlugin), Atom(play.Play), Atom(sbt.plugins.SerializersPlugin))),Set(Atom(play.sbt.forkrun.PlayForkRun))), Clause(Atom(com.typesafe.sbt.web.SbtWeb),Set(Atom(com.typesafe.sbt.jse.SbtJsEngine))), Clause(Atom(com.typesafe.sbt.jse.SbtJsEngine),Set(Atom(com.typesafe.sbt.jse.SbtJsTask))), Clause(Atom(com.typesafe.sbt.web.SbtWeb),Set(Atom(com.typesafe.sbt.webdriver.SbtWebDriver))), Clause(Atom(sbt.plugins.JvmPlugin),Set(Atom(sbt.plugins.BackgroundRunPlugin))), Clause(Atom(sbt.plugins.CorePlugin),Set(Atom(sbt.plugins.InteractionServicePlugin))), Clause(Atom(sbt.plugins.CorePlugin),Set(Atom(sbt.plugins.SendEventServicePlugin))), Clause(Atom(sbt.plugins.CorePlugin),Set(Atom(sbt.plugins.SerializersPlugin)))))
  :: deduced result: Matched(sbt.plugins.CorePlugin,play.PlayJava,sbt.plugins.InteractionServicePlugin,sbt.plugins.SendEventServicePlugin,play.Play,sbt.plugins.SerializersPlugin,sbt.plugins.IvyPlugin,sbt.plugins.JvmPlugin,com.typesafe.sbt.jse.SbtJsTask,play.twirl.sbt.SbtTwirl,com.typesafe.sbt.webdriver.SbtWebDriver,sbt.plugins.BackgroundRunPlugin,sbt.plugins.JUnitXmlReportPlugin,com.typesafe.sbt.web.SbtWeb,com.typesafe.sbt.jse.SbtJsEngine,play.sbt.forkrun.PlayForkRun)
sorting: ns: List(sbt.plugins.CorePlugin, play.PlayJava, sbt.plugins.InteractionServicePlugin, sbt.plugins.SendEventServicePlugin, play.Play, sbt.plugins.SerializersPlugin, sbt.plugins.IvyPlugin, sbt.plugins.JvmPlugin, com.typesafe.sbt.jse.SbtJsTask, play.twirl.sbt.SbtTwirl, com.typesafe.sbt.webdriver.SbtWebDriver, sbt.plugins.BackgroundRunPlugin, sbt.plugins.JUnitXmlReportPlugin, com.typesafe.sbt.web.SbtWeb, com.typesafe.sbt.jse.SbtJsEngine, play.sbt.forkrun.PlayForkRun)
  :: sorting:: found: List(sbt.plugins.CorePlugin, com.typesafe.sbt.web.SbtWeb) not found List(play.PlayJava, sbt.plugins.InteractionServicePlugin, sbt.plugins.SendEventServicePlugin, play.Play, sbt.plugins.SerializersPlugin, sbt.plugins.IvyPlugin, sbt.plugins.JvmPlugin, com.typesafe.sbt.jse.SbtJsTask, play.twirl.sbt.SbtTwirl, com.typesafe.sbt.webdriver.SbtWebDriver, sbt.plugins.BackgroundRunPlugin, sbt.plugins.JUnitXmlReportPlugin, com.typesafe.sbt.jse.SbtJsEngine, play.sbt.forkrun.PlayForkRun)
  :: sorting:: found: List(sbt.plugins.CorePlugin, com.typesafe.sbt.web.SbtWeb, sbt.plugins.InteractionServicePlugin, sbt.plugins.SendEventServicePlugin, sbt.plugins.SerializersPlugin, sbt.plugins.IvyPlugin, com.typesafe.sbt.webdriver.SbtWebDriver, com.typesafe.sbt.jse.SbtJsEngine) not found List(play.PlayJava, play.Play, sbt.plugins.JvmPlugin, com.typesafe.sbt.jse.SbtJsTask, play.twirl.sbt.SbtTwirl, sbt.plugins.BackgroundRunPlugin, sbt.plugins.JUnitXmlReportPlugin, play.sbt.forkrun.PlayForkRun)
  :: sorting:: found: List(sbt.plugins.CorePlugin, com.typesafe.sbt.web.SbtWeb, sbt.plugins.InteractionServicePlugin, sbt.plugins.SendEventServicePlugin, sbt.plugins.SerializersPlugin, sbt.plugins.IvyPlugin, com.typesafe.sbt.webdriver.SbtWebDriver, com.typesafe.sbt.jse.SbtJsEngine, sbt.plugins.JvmPlugin, com.typesafe.sbt.jse.SbtJsTask) not found List(play.PlayJava, play.Play, play.twirl.sbt.SbtTwirl, sbt.plugins.BackgroundRunPlugin, sbt.plugins.JUnitXmlReportPlugin, play.sbt.forkrun.PlayForkRun)
  :: sorting:: found: List(sbt.plugins.CorePlugin, com.typesafe.sbt.web.SbtWeb, sbt.plugins.InteractionServicePlugin, sbt.plugins.SendEventServicePlugin, sbt.plugins.SerializersPlugin, sbt.plugins.IvyPlugin, com.typesafe.sbt.webdriver.SbtWebDriver, com.typesafe.sbt.jse.SbtJsEngine, sbt.plugins.JvmPlugin, com.typesafe.sbt.jse.SbtJsTask, play.twirl.sbt.SbtTwirl, sbt.plugins.BackgroundRunPlugin, sbt.plugins.JUnitXmlReportPlugin) not found List(play.PlayJava, play.Play, play.sbt.forkrun.PlayForkRun)
  :: sorting:: found: List(sbt.plugins.CorePlugin, com.typesafe.sbt.web.SbtWeb, sbt.plugins.InteractionServicePlugin, sbt.plugins.SendEventServicePlugin, sbt.plugins.SerializersPlugin, sbt.plugins.IvyPlugin, com.typesafe.sbt.webdriver.SbtWebDriver, com.typesafe.sbt.jse.SbtJsEngine, sbt.plugins.JvmPlugin, com.typesafe.sbt.jse.SbtJsTask, play.twirl.sbt.SbtTwirl, sbt.plugins.BackgroundRunPlugin, sbt.plugins.JUnitXmlReportPlugin, play.Play) not found List(play.PlayJava, play.sbt.forkrun.PlayForkRun)
  :: sorting:: found: List(sbt.plugins.CorePlugin, com.typesafe.sbt.web.SbtWeb, sbt.plugins.InteractionServicePlugin, sbt.plugins.SendEventServicePlugin, sbt.plugins.SerializersPlugin, sbt.plugins.IvyPlugin, com.typesafe.sbt.webdriver.SbtWebDriver, com.typesafe.sbt.jse.SbtJsEngine, sbt.plugins.JvmPlugin, com.typesafe.sbt.jse.SbtJsTask, play.twirl.sbt.SbtTwirl, sbt.plugins.BackgroundRunPlugin, sbt.plugins.JUnitXmlReportPlugin, play.Play, play.PlayJava, play.sbt.forkrun.PlayForkRun) not found List()
  :: sorted deduced result: List(sbt.plugins.CorePlugin, com.typesafe.sbt.web.SbtWeb, sbt.plugins.InteractionServicePlugin, sbt.plugins.SendEventServicePlugin, sbt.plugins.SerializersPlugin, sbt.plugins.IvyPlugin, com.typesafe.sbt.webdriver.SbtWebDriver, com.typesafe.sbt.jse.SbtJsEngine, sbt.plugins.JvmPlugin, com.typesafe.sbt.jse.SbtJsTask, play.twirl.sbt.SbtTwirl, sbt.plugins.BackgroundRunPlugin, sbt.plugins.JUnitXmlReportPlugin, play.Play, play.PlayJava, play.sbt.forkrun.PlayForkRun)
[Loading] Done in C:\code\play\play-essentials\shop, returning: (root)
Set current project to shop (in build file:/C:/code/play/play-essentials/shop/)
Reapplying settings...
Set current project to shop (in build file:/C:/code/play/play-essentials/shop/)
> iflast shell
> server-send-ready-for-request
> server-handle-next-server-request
> compile
Evaluating tasks: compile:compile
Running task... Cancel: sbt.server.ServerTaskCancellation@4da16623, check cycles: false

Initial source changes: 
	removed:Set()
	added: Set()
	modified: Set()
Removed products: Set()
External API changes: API Changes: Set()
Modified binary dependencies: Set()
Initial directly invalidated sources: Set()

Sources indirectly invalidated by:
	product: Set()
	binary dep: Set()
	external source: Set()
All initially invalidated sources: Set()

Total time: 2 s, completed 21-Feb-2016 21:20:33
> server-post-command-cleanup
> server-handle-next-server-request
> {file:/C:/code/play/play-essentials/shop/}root/compile:discoveredMainClasses
Evaluating tasks: compile:discoveredMainClasses
Running task... Cancel: sbt.server.ServerTaskCancellation@40032025, check cycles: false

Initial source changes: 
	removed:Set()
	added: Set()
	modified: Set()
Removed products: Set()
External API changes: API Changes: Set()
Modified binary dependencies: Set()
Initial directly invalidated sources: Set()

Sources indirectly invalidated by:
	product: Set()
	binary dep: Set()
	external source: Set()
All initially invalidated sources: Set()

Total time: 0 s, completed 21-Feb-2016 21:20:34
> server-post-command-cleanup
> server-handle-next-server-request
> {file:/C:/code/play/play-essentials/shop/}root/compile:mainClass
Evaluating tasks: compile:mainClass
Running task... Cancel: sbt.server.ServerTaskCancellation@7f08ceea, check cycles: false
Total time: 0 s, completed 21-Feb-2016 21:20:34
> server-post-command-cleanup
> server-handle-next-server-request
> {file:/C:/code/play/play-essentials/shop/}root/compile:discoveredMainClasses
Evaluating tasks: compile:discoveredMainClasses
Running task... Cancel: sbt.server.ServerTaskCancellation@3c095b93, check cycles: false

Initial source changes: 
	removed:Set()
	added: Set()
	modified: Set()
Removed products: Set()
External API changes: API Changes: Set()
Modified binary dependencies: Set()
Initial directly invalidated sources: Set()

Sources indirectly invalidated by:
	product: Set()
	binary dep: Set()
	external source: Set()
All initially invalidated sources: Set()

Total time: 0 s, completed 21-Feb-2016 21:20:34
> server-post-command-cleanup
> server-handle-next-server-request
> compile
Evaluating tasks: compile:compile
Running task... Cancel: sbt.server.ServerTaskCancellation@68ef67b, check cycles: false

Initial source changes: 
	removed:Set()
	added: Set()
	modified: Set(C:\code\play\play-essentials\shop\app\models\Item.java)
Removed products: Set()
External API changes: API Changes: Set()
Modified binary dependencies: Set()
Initial directly invalidated sources: Set(C:\code\play\play-essentials\shop\app\models\Item.java)

Sources indirectly invalidated by:
	product: Set()
	binary dep: Set()
	external source: Set()
All initially invalidated sources: Set(C:\code\play\play-essentials\shop\app\models\Item.java)

Read from stdout: Compiling 1 Java source to C:\code\play\play-essentials\shop\target\scala-2.10\classes...
Compiling 1 Java source to C:\code\play\play-essentials\shop\target\scala-2.10\classes...
Attempting to call com.sun.tools.javac.api.JavacTool@793a131c directly...
Read from stdout: C:\code\play\play-essentials\shop\app\models\Item.java:3: cannot find symbol
Read from stdout: symbol: class Entity
C:\code\play\play-essentials\shop\app\models\Item.java:3: cannot find symbol
  symbol: class Entity
Read from stdout: Entity
Entity
Read from stdout: C:\code\play\play-essentials\shop\app\models\Item.java:4: cannot find symbol
Read from stdout: symbol: class Table
C:\code\play\play-essentials\shop\app\models\Item.java:4: cannot find symbol
  symbol: class Table
Read from stdout: Table
Table
Read from stdout: C:\code\play\play-essentials\shop\app\models\Item.java:6: cannot find symbol
Read from stdout: symbol:   class IdAssignmentPolicy
Read from stdout: location: class models.Item
C:\code\play\play-essentials\shop\app\models\Item.java:6: cannot find symbol
  symbol:   class IdAssignmentPolicy
  location: class models.Item
Read from stdout: IdAssignmentPolicy
IdAssignmentPolicy
Read from stdout: (compile:compileIncremental) javac returned nonzero exit code
(compile:compileIncremental) javac returned nonzero exit code
Total time: 1 s, completed 21-Feb-2016 21:35:21
> server-post-command-error-handler
> server-post-command-cleanup
> server-handle-next-server-request
> compile
Evaluating tasks: compile:compile
Running task... Cancel: sbt.server.ServerTaskCancellation@59a5d951, check cycles: false

Initial source changes: 
	removed:Set()
	added: Set()
	modified: Set(C:\code\play\play-essentials\shop\app\models\Item.java)
Removed products: Set()
External API changes: API Changes: Set()
Modified binary dependencies: Set()
Initial directly invalidated sources: Set(C:\code\play\play-essentials\shop\app\models\Item.java)

Sources indirectly invalidated by:
	product: Set()
	binary dep: Set()
	external source: Set()
All initially invalidated sources: Set(C:\code\play\play-essentials\shop\app\models\Item.java)

Read from stdout: Compiling 1 Java source to C:\code\play\play-essentials\shop\target\scala-2.10\classes...
Compiling 1 Java source to C:\code\play\play-essentials\shop\target\scala-2.10\classes...
Attempting to call com.sun.tools.javac.api.JavacTool@1d06ada directly...
Read from stdout: C:\code\play\play-essentials\shop\app\models\Item.java:18: variable id might not have been initialized
C:\code\play\play-essentials\shop\app\models\Item.java:18: variable id might not have been initialized
Read from stdout: {}
{}
Read from stdout: (compile:compileIncremental) javac returned nonzero exit code
(compile:compileIncremental) javac returned nonzero exit code
Total time: 0 s, completed 21-Feb-2016 21:36:53
> server-post-command-error-handler
> server-post-command-cleanup
> server-handle-next-server-request
> compile
Evaluating tasks: compile:compile
Running task... Cancel: sbt.server.ServerTaskCancellation@7363bbb3, check cycles: false

Initial source changes: 
	removed:Set()
	added: Set()
	modified: Set(C:\code\play\play-essentials\shop\app\models\Item.java)
Removed products: Set()
External API changes: API Changes: Set()
Modified binary dependencies: Set()
Initial directly invalidated sources: Set(C:\code\play\play-essentials\shop\app\models\Item.java)

Sources indirectly invalidated by:
	product: Set()
	binary dep: Set()
	external source: Set()
All initially invalidated sources: Set(C:\code\play\play-essentials\shop\app\models\Item.java)

Read from stdout: Compiling 1 Java source to C:\code\play\play-essentials\shop\target\scala-2.10\classes...
Compiling 1 Java source to C:\code\play\play-essentials\shop\target\scala-2.10\classes...
Attempting to call com.sun.tools.javac.api.JavacTool@6196e877 directly...
Java compilation took 0.141908367 s
Java analysis took 0.078616403 s
Java compile + analysis took 0.232668032 s
Invalidating C:\code\play\play-essentials\shop\app\models\Item.java...
Invalidating (transitively) by inheritance from C:\code\play\play-essentials\shop\app\models\Item.java...
Initial set of included nodes: Set(C:\code\play\play-essentials\shop\app\models\Item.java)
Invalidated by transitive inheritance dependency: Set(C:\code\play\play-essentials\shop\app\models\Item.java)
The C:\code\play\play-essentials\shop\app\models\Item.java source file has the following regular definitions changed:
	name, price, <init>, id, Item.
All member reference dependencies will be considered within this context.
Name hashing optimization doesn't apply to non-Scala dependency: C:\code\play\play-essentials\shop\app\models\Item.java
Name hashing optimization doesn't apply to non-Scala dependency: C:\code\play\play-essentials\shop\app\controllers\Items.java
Name hashing optimization doesn't apply to non-Scala dependency: C:\code\play\play-essentials\shop\app\models\Shop.java
New invalidations:
	Set(C:\code\play\play-essentials\shop\app\controllers\Items.java, C:\code\play\play-essentials\shop\app\models\Shop.java)
Initial set of included nodes: Set(C:\code\play\play-essentials\shop\app\controllers\Items.java, C:\code\play\play-essentials\shop\app\models\Shop.java)
Including C:\code\play\play-essentials\shop\target\scala-2.10\src_managed\main\routes_reverseRouting.scala by C:\code\play\play-essentials\shop\app\controllers\Items.java
Including C:\code\play\play-essentials\shop\target\scala-2.10\src_managed\main\controllers\routes.java by C:\code\play\play-essentials\shop\target\scala-2.10\src_managed\main\routes_reverseRouting.scala
Including C:\code\play\play-essentials\shop\target\scala-2.10\src_managed\main\routes_routing.scala by C:\code\play\play-essentials\shop\app\controllers\Items.java
Previously invalidated, but (transitively) depend on new invalidations:
	Set()
All newly invalidated sources after taking into account (previously) recompiled sources:Set(C:\code\play\play-essentials\shop\app\controllers\Items.java, C:\code\play\play-essentials\shop\app\models\Shop.java)
Read from stdout: Compiling 2 Java sources to C:\code\play\play-essentials\shop\target\scala-2.10\classes...
Compiling 2 Java sources to C:\code\play\play-essentials\shop\target\scala-2.10\classes...
Attempting to call com.sun.tools.javac.api.JavacTool@6196e877 directly...
Java compilation took 0.199235081 s
Java analysis took 0.101093458 s
Java compile + analysis took 0.311159304 s
New invalidations:
	Set()
Initial set of included nodes: Set()
Previously invalidated, but (transitively) depend on new invalidations:
	Set()
All newly invalidated sources after taking into account (previously) recompiled sources:Set()
Total time: 1 s, completed 21-Feb-2016 21:39:15
> server-post-command-cleanup
> server-handle-next-server-request
> backgroundRun
Evaluating tasks: compile:backgroundRun
Running task... Cancel: sbt.server.ServerTaskCancellation@13374630, check cycles: false
Total time: 0 s, completed 21-Feb-2016 21:39:15
> server-post-command-cleanup
> server-handle-next-server-request
> {file:/C:/code/play/play-essentials/shop/}root/*:playForkConfig
Evaluating tasks: *:playForkConfig
Running task... Cancel: sbt.server.ServerTaskCancellation@22ca04b8, check cycles: false
Total time: 0 s, completed 21-Feb-2016 21:39:17
> server-post-command-cleanup
> server-handle-next-server-request
> root/playForkNotifyStart http://localhost:9000
Evaluating tasks: *:playForkNotifyStart
Running task... Cancel: sbt.server.ServerTaskCancellation@79291819, check cycles: false
Total time: 0 s, completed 21-Feb-2016 21:39:18
> server-post-command-cleanup
> server-handle-next-server-request
> compile
Evaluating tasks: compile:compile
Running task... Cancel: sbt.server.ServerTaskCancellation@2851bd64, check cycles: false

Initial source changes: 
	removed:Set()
	added: Set(C:\code\play\play-essentials\shop\app\Global.java)
	modified: Set()
Removed products: Set()
External API changes: API Changes: Set()
Modified binary dependencies: Set()
Initial directly invalidated sources: Set(C:\code\play\play-essentials\shop\app\Global.java)

Sources indirectly invalidated by:
	product: Set()
	binary dep: Set()
	external source: Set()
All initially invalidated sources: Set(C:\code\play\play-essentials\shop\app\Global.java)

Read from stdout: Compiling 1 Java source to C:\code\play\play-essentials\shop\target\scala-2.10\classes...
Compiling 1 Java source to C:\code\play\play-essentials\shop\target\scala-2.10\classes...
Attempting to call com.sun.tools.javac.api.JavacTool@62048a28 directly...
Read from stdout: C:\code\play\play-essentials\shop\app\Global.java:5: cannot find symbol
Read from stdout: symbol:   class Application
Read from stdout: location: class Global
C:\code\play\play-essentials\shop\app\Global.java:5: cannot find symbol
  symbol:   class Application
  location: class Global
Read from stdout: Application
Application
Read from stdout: C:\code\play\play-essentials\shop\app\Global.java:8: cannot find symbol
Read from stdout: symbol:   variable Shop
Read from stdout: location: class Global
C:\code\play\play-essentials\shop\app\Global.java:8: cannot find symbol
  symbol:   variable Shop
  location: class Global
Read from stdout: Shop
Shop
Read from stdout: C:\code\play\play-essentials\shop\app\Global.java:9: cannot find symbol
Read from stdout: symbol:   variable Shop
Read from stdout: location: class Global
C:\code\play\play-essentials\shop\app\Global.java:9: cannot find symbol
  symbol:   variable Shop
  location: class Global
Read from stdout: Shop
Shop
Read from stdout: (compile:compileIncremental) javac returned nonzero exit code
(compile:compileIncremental) javac returned nonzero exit code
Total time: 0 s, completed 21-Feb-2016 21:44:06
> server-post-command-error-handler
> server-post-command-cleanup
> server-handle-next-server-request
> compile
Evaluating tasks: compile:compile
Running task... Cancel: sbt.server.ServerTaskCancellation@961cfbc, check cycles: false

Initial source changes: 
	removed:Set()
	added: Set(C:\code\play\play-essentials\shop\app\Global.java)
	modified: Set()
Removed products: Set()
External API changes: API Changes: Set()
Modified binary dependencies: Set()
Initial directly invalidated sources: Set(C:\code\play\play-essentials\shop\app\Global.java)

Sources indirectly invalidated by:
	product: Set()
	binary dep: Set()
	external source: Set()
All initially invalidated sources: Set(C:\code\play\play-essentials\shop\app\Global.java)

Read from stdout: Compiling 1 Java source to C:\code\play\play-essentials\shop\target\scala-2.10\classes...
Compiling 1 Java source to C:\code\play\play-essentials\shop\target\scala-2.10\classes...
Attempting to call com.sun.tools.javac.api.JavacTool@6b0261a2 directly...
Read from stdout: C:\code\play\play-essentials\shop\app\Global.java:9: cannot find symbol
Read from stdout: symbol:   variable Shop
Read from stdout: location: class Global
C:\code\play\play-essentials\shop\app\Global.java:9: cannot find symbol
  symbol:   variable Shop
  location: class Global
Read from stdout: Shop
Shop
Read from stdout: C:\code\play\play-essentials\shop\app\Global.java:10: cannot find symbol
Read from stdout: symbol:   variable Shop
Read from stdout: location: class Global
C:\code\play\play-essentials\shop\app\Global.java:10: cannot find symbol
  symbol:   variable Shop
  location: class Global
Read from stdout: Shop
Shop
Read from stdout: (compile:compileIncremental) javac returned nonzero exit code
(compile:compileIncremental) javac returned nonzero exit code
Total time: 0 s, completed 21-Feb-2016 21:44:32
> server-post-command-error-handler
> server-post-command-cleanup
> server-handle-next-server-request
> compile
Evaluating tasks: compile:compile
Running task... Cancel: sbt.server.ServerTaskCancellation@751a45ce, check cycles: false

Initial source changes: 
	removed:Set()
	added: Set(C:\code\play\play-essentials\shop\app\Global.java)
	modified: Set()
Removed products: Set()
External API changes: API Changes: Set()
Modified binary dependencies: Set()
Initial directly invalidated sources: Set(C:\code\play\play-essentials\shop\app\Global.java)

Sources indirectly invalidated by:
	product: Set()
	binary dep: Set()
	external source: Set()
All initially invalidated sources: Set(C:\code\play\play-essentials\shop\app\Global.java)

Read from stdout: Compiling 1 Java source to C:\code\play\play-essentials\shop\target\scala-2.10\classes...
Compiling 1 Java source to C:\code\play\play-essentials\shop\target\scala-2.10\classes...
Attempting to call com.sun.tools.javac.api.JavacTool@7cdcb1dc directly...
Read from stdout: C:\code\play\play-essentials\shop\app\Global.java:4: '.' expected
C:\code\play\play-essentials\shop\app\Global.java:4: '.' expected
Read from stdout: C:\code\play\play-essentials\shop\app\Global.java:4: ';' expected
C:\code\play\play-essentials\shop\app\Global.java:4: ';' expected
Read from stdout: (compile:compileIncremental) javac returned nonzero exit code
(compile:compileIncremental) javac returned nonzero exit code
Total time: 0 s, completed 21-Feb-2016 21:44:51
> server-post-command-error-handler
> server-post-command-cleanup
> server-handle-next-server-request
> compile
Evaluating tasks: compile:compile
Running task... Cancel: sbt.server.ServerTaskCancellation@2503b625, check cycles: false

Initial source changes: 
	removed:Set()
	added: Set(C:\code\play\play-essentials\shop\app\Global.java)
	modified: Set()
Removed products: Set()
External API changes: API Changes: Set()
Modified binary dependencies: Set()
Initial directly invalidated sources: Set(C:\code\play\play-essentials\shop\app\Global.java)

Sources indirectly invalidated by:
	product: Set()
	binary dep: Set()
	external source: Set()
All initially invalidated sources: Set(C:\code\play\play-essentials\shop\app\Global.java)

Read from stdout: Compiling 1 Java source to C:\code\play\play-essentials\shop\target\scala-2.10\classes...
Compiling 1 Java source to C:\code\play\play-essentials\shop\target\scala-2.10\classes...
Attempting to call com.sun.tools.javac.api.JavacTool@72df5139 directly...
Read from stdout: C:\code\play\play-essentials\shop\app\Global.java:11: non-static method list() cannot be referenced from a static context
C:\code\play\play-essentials\shop\app\Global.java:11: non-static method list() cannot be referenced from a static context
Read from stdout: Shop.list
Shop.list
Read from stdout: C:\code\play\play-essentials\shop\app\Global.java:12: non-static method create(java.lang.String,java.lang.Double) cannot be referenced from a static context
C:\code\play\play-essentials\shop\app\Global.java:12: non-static method create(java.lang.String,java.lang.Double) cannot be referenced from a static context
Read from stdout: Shop.create
Shop.create
Read from stdout: (compile:compileIncremental) javac returned nonzero exit code
(compile:compileIncremental) javac returned nonzero exit code
Total time: 0 s, completed 21-Feb-2016 21:45:04
> server-post-command-error-handler
> server-post-command-cleanup
> server-handle-next-server-request
> compile
Evaluating tasks: compile:compile
Running task... Cancel: sbt.server.ServerTaskCancellation@5f01b7a, check cycles: false

Initial source changes: 
	removed:Set()
	added: Set(C:\code\play\play-essentials\shop\app\Global.java)
	modified: Set()
Removed products: Set()
External API changes: API Changes: Set()
Modified binary dependencies: Set()
Initial directly invalidated sources: Set(C:\code\play\play-essentials\shop\app\Global.java)

Sources indirectly invalidated by:
	product: Set()
	binary dep: Set()
	external source: Set()
All initially invalidated sources: Set(C:\code\play\play-essentials\shop\app\Global.java)

Read from stdout: Compiling 1 Java source to C:\code\play\play-essentials\shop\target\scala-2.10\classes...
Compiling 1 Java source to C:\code\play\play-essentials\shop\target\scala-2.10\classes...
Attempting to call com.sun.tools.javac.api.JavacTool@28a8e6e9 directly...
Read from stdout: C:\code\play\play-essentials\shop\app\Global.java:11: non-static method list() cannot be referenced from a static context
C:\code\play\play-essentials\shop\app\Global.java:11: non-static method list() cannot be referenced from a static context
Read from stdout: Shop.list
Shop.list
Read from stdout: (compile:compileIncremental) javac returned nonzero exit code
(compile:compileIncremental) javac returned nonzero exit code
Total time: 0 s, completed 21-Feb-2016 21:45:46
> server-post-command-error-handler
> server-post-command-cleanup
> server-handle-next-server-request
> compile
Evaluating tasks: compile:compile
Running task... Cancel: sbt.server.ServerTaskCancellation@6c05bce3, check cycles: false

Initial source changes: 
	removed:Set()
	added: Set(C:\code\play\play-essentials\shop\app\Global.java)
	modified: Set()
Removed products: Set()
External API changes: API Changes: Set()
Modified binary dependencies: Set()
Initial directly invalidated sources: Set(C:\code\play\play-essentials\shop\app\Global.java)

Sources indirectly invalidated by:
	product: Set()
	binary dep: Set()
	external source: Set()
All initially invalidated sources: Set(C:\code\play\play-essentials\shop\app\Global.java)

Read from stdout: Compiling 1 Java source to C:\code\play\play-essentials\shop\target\scala-2.10\classes...
Compiling 1 Java source to C:\code\play\play-essentials\shop\target\scala-2.10\classes...
Attempting to call com.sun.tools.javac.api.JavacTool@304262dd directly...
Read from stdout: C:\code\play\play-essentials\shop\app\Global.java:11: non-static method list() cannot be referenced from a static context
C:\code\play\play-essentials\shop\app\Global.java:11: non-static method list() cannot be referenced from a static context
Read from stdout: Shop.list
Shop.list
Read from stdout: C:\code\play\play-essentials\shop\app\Global.java:12: non-static method create(java.lang.String,java.lang.Double) cannot be referenced from a static context
C:\code\play\play-essentials\shop\app\Global.java:12: non-static method create(java.lang.String,java.lang.Double) cannot be referenced from a static context
Read from stdout: Shop.create
Shop.create
Read from stdout: (compile:compileIncremental) javac returned nonzero exit code
(compile:compileIncremental) javac returned nonzero exit code
Total time: 0 s, completed 21-Feb-2016 21:46:02
> server-post-command-error-handler
> server-post-command-cleanup
> server-handle-next-server-request
> compile
Evaluating tasks: compile:compile
Running task... Cancel: sbt.server.ServerTaskCancellation@40586c51, check cycles: false

Initial source changes: 
	removed:Set()
	added: Set(C:\code\play\play-essentials\shop\app\Global.java)
	modified: Set()
Removed products: Set()
External API changes: API Changes: Set()
Modified binary dependencies: Set()
Initial directly invalidated sources: Set(C:\code\play\play-essentials\shop\app\Global.java)

Sources indirectly invalidated by:
	product: Set()
	binary dep: Set()
	external source: Set()
All initially invalidated sources: Set(C:\code\play\play-essentials\shop\app\Global.java)

Read from stdout: Compiling 1 Java source to C:\code\play\play-essentials\shop\target\scala-2.10\classes...
Compiling 1 Java source to C:\code\play\play-essentials\shop\target\scala-2.10\classes...
Attempting to call com.sun.tools.javac.api.JavacTool@5b898d88 directly...
Read from stdout: C:\code\play\play-essentials\shop\app\Global.java:11: cannot find symbol
Read from stdout: symbol:   variable shop
Read from stdout: location: class Global
C:\code\play\play-essentials\shop\app\Global.java:11: cannot find symbol
  symbol:   variable shop
  location: class Global
Read from stdout: shop
shop
Read from stdout: C:\code\play\play-essentials\shop\app\Global.java:12: cannot find symbol
Read from stdout: symbol:   variable shop
Read from stdout: location: class Global
C:\code\play\play-essentials\shop\app\Global.java:12: cannot find symbol
  symbol:   variable shop
  location: class Global
Read from stdout: shop
shop
Read from stdout: (compile:compileIncremental) javac returned nonzero exit code
(compile:compileIncremental) javac returned nonzero exit code
Total time: 0 s, completed 21-Feb-2016 21:50:43
> server-post-command-error-handler
> server-post-command-cleanup
> server-handle-next-server-request
> compile
Evaluating tasks: compile:compile
Running task... Cancel: sbt.server.ServerTaskCancellation@404cca6, check cycles: false

Initial source changes: 
	removed:Set()
	added: Set(C:\code\play\play-essentials\shop\app\Global.java)
	modified: Set(C:\code\play\play-essentials\shop\app\models\Shop.java)
Removed products: Set()
External API changes: API Changes: Set()
Modified binary dependencies: Set()
Initial directly invalidated sources: Set(C:\code\play\play-essentials\shop\app\Global.java, C:\code\play\play-essentials\shop\app\models\Shop.java)

Sources indirectly invalidated by:
	product: Set()
	binary dep: Set()
	external source: Set()
All initially invalidated sources: Set(C:\code\play\play-essentials\shop\app\Global.java, C:\code\play\play-essentials\shop\app\models\Shop.java)

Read from stdout: Compiling 2 Java sources to C:\code\play\play-essentials\shop\target\scala-2.10\classes...
Compiling 2 Java sources to C:\code\play\play-essentials\shop\target\scala-2.10\classes...
Attempting to call com.sun.tools.javac.api.JavacTool@24df4beb directly...
Read from stdout: C:\code\play\play-essentials\shop\app\Global.java:11: cannot find symbol
Read from stdout: symbol:   variable shop
Read from stdout: location: class Global
C:\code\play\play-essentials\shop\app\Global.java:11: cannot find symbol
  symbol:   variable shop
  location: class Global
Read from stdout: shop
shop
Read from stdout: C:\code\play\play-essentials\shop\app\Global.java:12: cannot find symbol
Read from stdout: symbol:   variable shop
Read from stdout: location: class Global
C:\code\play\play-essentials\shop\app\Global.java:12: cannot find symbol
  symbol:   variable shop
  location: class Global
Read from stdout: shop
shop
Read from stdout: (compile:compileIncremental) javac returned nonzero exit code
(compile:compileIncremental) javac returned nonzero exit code
Total time: 0 s, completed 21-Feb-2016 21:51:21
> server-post-command-error-handler
> server-post-command-cleanup
> server-handle-next-server-request
> compile
Evaluating tasks: compile:compile
Running task... Cancel: sbt.server.ServerTaskCancellation@1bb64a04, check cycles: false

Initial source changes: 
	removed:Set()
	added: Set(C:\code\play\play-essentials\shop\app\Global.java)
	modified: Set(C:\code\play\play-essentials\shop\app\models\Shop.java)
Removed products: Set()
External API changes: API Changes: Set()
Modified binary dependencies: Set()
Initial directly invalidated sources: Set(C:\code\play\play-essentials\shop\app\Global.java, C:\code\play\play-essentials\shop\app\models\Shop.java)

Sources indirectly invalidated by:
	product: Set()
	binary dep: Set()
	external source: Set()
All initially invalidated sources: Set(C:\code\play\play-essentials\shop\app\Global.java, C:\code\play\play-essentials\shop\app\models\Shop.java)

Read from stdout: Compiling 2 Java sources to C:\code\play\play-essentials\shop\target\scala-2.10\classes...
Compiling 2 Java sources to C:\code\play\play-essentials\shop\target\scala-2.10\classes...
Attempting to call com.sun.tools.javac.api.JavacTool@51fd417a directly...
Java compilation took 0.137274167 s
Java analysis took 0.036816628 s
Java compile + analysis took 0.185205375 s
Invalidating C:\code\play\play-essentials\shop\app\Global.java...
Invalidating (transitively) by inheritance from C:\code\play\play-essentials\shop\app\Global.java...
Initial set of included nodes: Set(C:\code\play\play-essentials\shop\app\Global.java)
Invalidated by transitive inheritance dependency: Set(C:\code\play\play-essentials\shop\app\Global.java)
The C:\code\play\play-essentials\shop\app\Global.java source file has the following regular definitions changed:
	notify, Global, wait, equals, getControllerInstance, onRequest, onLoadConfig, notifyAll, <init>, onError, onHandlerNotFound, filters, beforeStart, onBadRequest, toString, getClass, onStop, onStart, onRouteRequest, hashCode.
All member reference dependencies will be considered within this context.
Name hashing optimization doesn't apply to non-Scala dependency: C:\code\play\play-essentials\shop\app\Global.java
Invalidating C:\code\play\play-essentials\shop\app\models\Shop.java...
Invalidating (transitively) by inheritance from C:\code\play\play-essentials\shop\app\models\Shop.java...
Initial set of included nodes: Set(C:\code\play\play-essentials\shop\app\models\Shop.java)
Invalidated by transitive inheritance dependency: Set(C:\code\play\play-essentials\shop\app\models\Shop.java)
The C:\code\play\play-essentials\shop\app\models\Shop.java source file has the following regular definitions changed:
	Shop, shop.
All member reference dependencies will be considered within this context.
Name hashing optimization doesn't apply to non-Scala dependency: C:\code\play\play-essentials\shop\app\Global.java
Name hashing optimization doesn't apply to non-Scala dependency: C:\code\play\play-essentials\shop\app\models\Shop.java
Name hashing optimization doesn't apply to non-Scala dependency: C:\code\play\play-essentials\shop\app\controllers\Items.java
New invalidations:
	Set(C:\code\play\play-essentials\shop\app\controllers\Items.java)
Initial set of included nodes: Set(C:\code\play\play-essentials\shop\app\controllers\Items.java)
Including C:\code\play\play-essentials\shop\target\scala-2.10\src_managed\main\routes_reverseRouting.scala by C:\code\play\play-essentials\shop\app\controllers\Items.java
Including C:\code\play\play-essentials\shop\target\scala-2.10\src_managed\main\controllers\routes.java by C:\code\play\play-essentials\shop\target\scala-2.10\src_managed\main\routes_reverseRouting.scala
Including C:\code\play\play-essentials\shop\target\scala-2.10\src_managed\main\routes_routing.scala by C:\code\play\play-essentials\shop\app\controllers\Items.java
Previously invalidated, but (transitively) depend on new invalidations:
	Set()
All newly invalidated sources after taking into account (previously) recompiled sources:Set(C:\code\play\play-essentials\shop\app\controllers\Items.java)
Read from stdout: Compiling 1 Java source to C:\code\play\play-essentials\shop\target\scala-2.10\classes...
Compiling 1 Java source to C:\code\play\play-essentials\shop\target\scala-2.10\classes...
Attempting to call com.sun.tools.javac.api.JavacTool@51fd417a directly...
Read from stdout: C:\code\play\play-essentials\shop\app\controllers\Items.java:14: cannot find symbol
Read from stdout: symbol:   variable Shop
Read from stdout: location: interface models.Shop
C:\code\play\play-essentials\shop\app\controllers\Items.java:14: cannot find symbol
  symbol:   variable Shop
  location: interface models.Shop
Read from stdout: Shop.Shop
Shop.Shop
Read from stdout: (compile:compileIncremental) javac returned nonzero exit code
(compile:compileIncremental) javac returned nonzero exit code
Total time: 0 s, completed 21-Feb-2016 21:52:19
> server-post-command-error-handler
> server-post-command-cleanup
> server-handle-next-server-request
> compile
Evaluating tasks: compile:compile
Running task... Cancel: sbt.server.ServerTaskCancellation@65b9ad48, check cycles: false

Initial source changes: 
	removed:Set()
	added: Set(C:\code\play\play-essentials\shop\app\Global.java)
	modified: Set(C:\code\play\play-essentials\shop\app\models\Shop.java)
Removed products: Set()
External API changes: API Changes: Set()
Modified binary dependencies: Set()
Initial directly invalidated sources: Set(C:\code\play\play-essentials\shop\app\Global.java, C:\code\play\play-essentials\shop\app\models\Shop.java)

Sources indirectly invalidated by:
	product: Set()
	binary dep: Set()
	external source: Set()
All initially invalidated sources: Set(C:\code\play\play-essentials\shop\app\Global.java, C:\code\play\play-essentials\shop\app\models\Shop.java)

Read from stdout: Compiling 2 Java sources to C:\code\play\play-essentials\shop\target\scala-2.10\classes...
Compiling 2 Java sources to C:\code\play\play-essentials\shop\target\scala-2.10\classes...
Attempting to call com.sun.tools.javac.api.JavacTool@5b9be46f directly...
Read from stdout: C:\code\play\play-essentials\shop\app\Global.java:8: cannot find symbol
Read from stdout: symbol:   variable Shop
Read from stdout: location: interface models.Shop
C:\code\play\play-essentials\shop\app\Global.java:8: cannot find symbol
  symbol:   variable Shop
  location: interface models.Shop
Read from stdout: Shop.Shop
Shop.Shop
Read from stdout: (compile:compileIncremental) javac returned nonzero exit code
(compile:compileIncremental) javac returned nonzero exit code
Total time: 0 s, completed 21-Feb-2016 21:54:09
> server-post-command-error-handler
> server-post-command-cleanup
> server-handle-next-server-request
> compile
Evaluating tasks: compile:compile
Running task... Cancel: sbt.server.ServerTaskCancellation@2ccb4637, check cycles: false

Initial source changes: 
	removed:Set()
	added: Set(C:\code\play\play-essentials\shop\app\Global.java)
	modified: Set()
Removed products: Set()
External API changes: API Changes: Set()
Modified binary dependencies: Set()
Initial directly invalidated sources: Set(C:\code\play\play-essentials\shop\app\Global.java)

Sources indirectly invalidated by:
	product: Set()
	binary dep: Set()
	external source: Set()
All initially invalidated sources: Set(C:\code\play\play-essentials\shop\app\Global.java)

Read from stdout: Compiling 1 Java source to C:\code\play\play-essentials\shop\target\scala-2.10\classes...
Compiling 1 Java source to C:\code\play\play-essentials\shop\target\scala-2.10\classes...
Attempting to call com.sun.tools.javac.api.JavacTool@5cbd61bc directly...
Java compilation took 0.116316845 s
Java analysis took 0.025085076 s
Java compile + analysis took 0.151754266 s
Invalidating C:\code\play\play-essentials\shop\app\Global.java...
Invalidating (transitively) by inheritance from C:\code\play\play-essentials\shop\app\Global.java...
Initial set of included nodes: Set(C:\code\play\play-essentials\shop\app\Global.java)
Invalidated by transitive inheritance dependency: Set(C:\code\play\play-essentials\shop\app\Global.java)
The C:\code\play\play-essentials\shop\app\Global.java source file has the following regular definitions changed:
	notify, Global, shop, wait, equals, getControllerInstance, onRequest, onLoadConfig, notifyAll, <init>, onError, onHandlerNotFound, filters, beforeStart, onBadRequest, toString, getClass, onStop, onStart, onRouteRequest, hashCode.
All member reference dependencies will be considered within this context.
Name hashing optimization doesn't apply to non-Scala dependency: C:\code\play\play-essentials\shop\app\Global.java
New invalidations:
	Set()
Initial set of included nodes: Set()
Previously invalidated, but (transitively) depend on new invalidations:
	Set()
All newly invalidated sources after taking into account (previously) recompiled sources:Set()
Total time: 0 s, completed 21-Feb-2016 21:54:23
> server-post-command-cleanup
> server-handle-next-server-request
> jobStop 1
Evaluating tasks: *:jobStop
Running task... Cancel: sbt.server.ServerTaskCancellation@bf8931a, check cycles: false
Total time: 0 s, completed 21-Feb-2016 21:54:23
> server-post-command-cleanup
> server-handle-next-server-request
> backgroundRun
Evaluating tasks: compile:backgroundRun
Running task... Cancel: sbt.server.ServerTaskCancellation@32809a0e, check cycles: false
Total time: 0 s, completed 21-Feb-2016 21:54:23
> server-post-command-cleanup
> server-handle-next-server-request
> {file:/C:/code/play/play-essentials/shop/}root/*:playForkConfig
Evaluating tasks: *:playForkConfig
Running task... Cancel: sbt.server.ServerTaskCancellation@3eb786f5, check cycles: false
Total time: 0 s, completed 21-Feb-2016 21:54:24
> server-post-command-cleanup
> server-handle-next-server-request
> root/playForkNotifyStart http://localhost:9000
Evaluating tasks: *:playForkNotifyStart
Running task... Cancel: sbt.server.ServerTaskCancellation@58f2bf10, check cycles: false
Total time: 0 s, completed 21-Feb-2016 21:54:25
> server-post-command-cleanup
> server-handle-next-server-request
> {file:/C:/code/play/play-essentials/shop/}root/*:playForkReload
Evaluating tasks: *:playForkReload
Running task... Cancel: sbt.server.ServerTaskCancellation@29f209a1, check cycles: false

Initial source changes: 
	removed:Set()
	added: Set()
	modified: Set()
Removed products: Set()
External API changes: API Changes: Set()
Modified binary dependencies: Set()
Initial directly invalidated sources: Set()

Sources indirectly invalidated by:
	product: Set()
	binary dep: Set()
	external source: Set()
All initially invalidated sources: Set()

Copy resource mappings: 
	(C:\code\play\play-essentials\shop\conf\application.conf,C:\code\play\play-essentials\shop\target\scala-2.10\classes\application.conf)
	(C:\code\play\play-essentials\shop\conf\routes,C:\code\play\play-essentials\shop\target\scala-2.10\classes\routes)
Total time: 0 s, completed 21-Feb-2016 21:55:38
> server-post-command-cleanup
> server-handle-next-server-request
> {file:/C:/code/play/play-essentials/shop/}root/compile:discoveredMainClasses
Evaluating tasks: compile:discoveredMainClasses
Running task... Cancel: sbt.server.ServerTaskCancellation@6105124c, check cycles: false

Initial source changes: 
	removed:Set()
	added: Set()
	modified: Set()
Removed products: Set()
External API changes: API Changes: Set()
Modified binary dependencies: Set()
Initial directly invalidated sources: Set()

Sources indirectly invalidated by:
	product: Set()
	binary dep: Set()
	external source: Set()
All initially invalidated sources: Set()

Total time: 0 s, completed 22-Feb-2016 09:05:52
> server-post-command-cleanup
> server-handle-next-server-request
> {file:/C:/code/play/play-essentials/shop/}root/compile:mainClass
Evaluating tasks: compile:mainClass
Running task... Cancel: sbt.server.ServerTaskCancellation@304176b, check cycles: false
Total time: 0 s, completed 22-Feb-2016 09:05:52
> server-post-command-cleanup
> server-handle-next-server-request
